{"C:\\Users\\peter\\Dropbox\\PC\\Documents\\GitHub\\COSC-4353-Group-14\\server\\controllers\\profileController.js": {"path":"C:\\Users\\peter\\Dropbox\\PC\\Documents\\GitHub\\COSC-4353-Group-14\\server\\controllers\\profileController.js","all":false,"statementMap":{"0":{"start":{"line":1,"column":0},"end":{"line":1,"column":0}},"1":{"start":{"line":2,"column":0},"end":{"line":2,"column":0}},"2":{"start":{"line":3,"column":0},"end":{"line":3,"column":31}},"3":{"start":{"line":4,"column":0},"end":{"line":4,"column":21}},"4":{"start":{"line":5,"column":0},"end":{"line":5,"column":93}},"5":{"start":{"line":6,"column":0},"end":{"line":6,"column":93}},"6":{"start":{"line":7,"column":0},"end":{"line":7,"column":93}},"7":{"start":{"line":8,"column":0},"end":{"line":8,"column":32}},"8":{"start":{"line":9,"column":0},"end":{"line":9,"column":4}},"9":{"start":{"line":10,"column":0},"end":{"line":10,"column":2}},"10":{"start":{"line":11,"column":0},"end":{"line":11,"column":41}},"11":{"start":{"line":12,"column":0},"end":{"line":12,"column":39}},"12":{"start":{"line":13,"column":0},"end":{"line":13,"column":44}},"13":{"start":{"line":14,"column":0},"end":{"line":14,"column":38}},"14":{"start":{"line":15,"column":0},"end":{"line":15,"column":4}},"15":{"start":{"line":16,"column":0},"end":{"line":16,"column":2}},"16":{"start":{"line":17,"column":0},"end":{"line":17,"column":73}},"17":{"start":{"line":18,"column":0},"end":{"line":18,"column":39}},"18":{"start":{"line":19,"column":0},"end":{"line":19,"column":76}},"19":{"start":{"line":20,"column":0},"end":{"line":20,"column":52}},"20":{"start":{"line":21,"column":0},"end":{"line":21,"column":38}},"21":{"start":{"line":22,"column":0},"end":{"line":22,"column":4}},"22":{"start":{"line":23,"column":0},"end":{"line":23,"column":2}},"23":{"start":{"line":24,"column":0},"end":{"line":24,"column":74}},"24":{"start":{"line":25,"column":0},"end":{"line":25,"column":39}},"25":{"start":{"line":26,"column":0},"end":{"line":26,"column":81}},"26":{"start":{"line":27,"column":0},"end":{"line":27,"column":4}},"27":{"start":{"line":28,"column":0},"end":{"line":28,"column":2}},"28":{"start":{"line":29,"column":0},"end":{"line":29,"column":39}},"29":{"start":{"line":30,"column":0},"end":{"line":30,"column":111}},"30":{"start":{"line":31,"column":0},"end":{"line":31,"column":2}},"31":{"start":{"line":32,"column":0},"end":{"line":32,"column":25}},"32":{"start":{"line":33,"column":0},"end":{"line":33,"column":43}},"33":{"start":{"line":34,"column":0},"end":{"line":34,"column":94}},"34":{"start":{"line":35,"column":0},"end":{"line":35,"column":5}},"35":{"start":{"line":36,"column":0},"end":{"line":36,"column":2}},"36":{"start":{"line":37,"column":0},"end":{"line":37,"column":23}},"37":{"start":{"line":38,"column":0},"end":{"line":38,"column":36}},"38":{"start":{"line":39,"column":0},"end":{"line":39,"column":92}},"39":{"start":{"line":40,"column":0},"end":{"line":40,"column":5}},"40":{"start":{"line":41,"column":0},"end":{"line":41,"column":2}},"41":{"start":{"line":42,"column":0},"end":{"line":42,"column":27}},"42":{"start":{"line":43,"column":0},"end":{"line":43,"column":37}},"43":{"start":{"line":44,"column":0},"end":{"line":44,"column":66}},"44":{"start":{"line":45,"column":0},"end":{"line":45,"column":5}},"45":{"start":{"line":46,"column":0},"end":{"line":46,"column":2}},"46":{"start":{"line":47,"column":0},"end":{"line":47,"column":21}},"47":{"start":{"line":48,"column":0},"end":{"line":48,"column":39}},"48":{"start":{"line":49,"column":0},"end":{"line":49,"column":71}},"49":{"start":{"line":50,"column":0},"end":{"line":50,"column":5}},"50":{"start":{"line":51,"column":0},"end":{"line":51,"column":2}},"51":{"start":{"line":52,"column":0},"end":{"line":52,"column":24}},"52":{"start":{"line":53,"column":0},"end":{"line":53,"column":35}},"53":{"start":{"line":54,"column":0},"end":{"line":54,"column":96}},"54":{"start":{"line":55,"column":0},"end":{"line":55,"column":5}},"55":{"start":{"line":56,"column":0},"end":{"line":56,"column":2}},"56":{"start":{"line":57,"column":0},"end":{"line":57,"column":77}},"57":{"start":{"line":58,"column":0},"end":{"line":58,"column":56}},"58":{"start":{"line":59,"column":0},"end":{"line":59,"column":85}},"59":{"start":{"line":60,"column":0},"end":{"line":60,"column":5}},"60":{"start":{"line":61,"column":0},"end":{"line":61,"column":2}},"61":{"start":{"line":62,"column":0},"end":{"line":62,"column":66}},"62":{"start":{"line":63,"column":0},"end":{"line":63,"column":42}},"63":{"start":{"line":64,"column":0},"end":{"line":64,"column":94}},"64":{"start":{"line":65,"column":0},"end":{"line":65,"column":5}},"65":{"start":{"line":66,"column":0},"end":{"line":66,"column":2}},"66":{"start":{"line":67,"column":0},"end":{"line":67,"column":59}},"67":{"start":{"line":68,"column":0},"end":{"line":68,"column":52}},"68":{"start":{"line":69,"column":0},"end":{"line":69,"column":4}},"69":{"start":{"line":70,"column":0},"end":{"line":70,"column":27}},"70":{"start":{"line":71,"column":0},"end":{"line":71,"column":66}},"71":{"start":{"line":72,"column":0},"end":{"line":72,"column":60}},"72":{"start":{"line":73,"column":0},"end":{"line":73,"column":52}},"73":{"start":{"line":74,"column":0},"end":{"line":74,"column":4}},"74":{"start":{"line":75,"column":0},"end":{"line":75,"column":2}},"75":{"start":{"line":76,"column":0},"end":{"line":76,"column":36}},"76":{"start":{"line":77,"column":0},"end":{"line":77,"column":64}},"77":{"start":{"line":78,"column":0},"end":{"line":78,"column":72}},"78":{"start":{"line":79,"column":0},"end":{"line":79,"column":4}},"79":{"start":{"line":80,"column":0},"end":{"line":80,"column":2}},"80":{"start":{"line":81,"column":0},"end":{"line":81,"column":20}},"81":{"start":{"line":82,"column":0},"end":{"line":82,"column":15}},"82":{"start":{"line":83,"column":0},"end":{"line":83,"column":18}},"83":{"start":{"line":84,"column":0},"end":{"line":84,"column":4}}},"s":{"0":1,"1":1,"2":1,"3":1,"4":1,"5":1,"6":1,"7":1,"8":1,"9":1,"10":1,"11":1,"12":1,"13":1,"14":1,"15":1,"16":1,"17":1,"18":2,"19":2,"20":2,"21":2,"22":1,"23":1,"24":1,"25":1,"26":1,"27":1,"28":1,"29":3,"30":3,"31":3,"32":3,"33":1,"34":1,"35":2,"36":2,"37":3,"38":0,"39":0,"40":2,"41":2,"42":3,"43":0,"44":0,"45":2,"46":2,"47":3,"48":1,"49":1,"50":1,"51":1,"52":3,"53":0,"54":0,"55":1,"56":1,"57":3,"58":0,"59":0,"60":1,"61":1,"62":3,"63":0,"64":0,"65":1,"66":1,"67":1,"68":1,"69":1,"70":1,"71":1,"72":1,"73":1,"74":1,"75":1,"76":1,"77":1,"78":1,"79":1,"80":1,"81":1,"82":1,"83":1},"branchMap":{"0":{"type":"branch","line":12,"loc":{"start":{"line":12,"column":26},"end":{"line":15,"column":4}},"locations":[{"start":{"line":12,"column":26},"end":{"line":15,"column":4}}]},"1":{"type":"branch","line":18,"loc":{"start":{"line":18,"column":26},"end":{"line":22,"column":4}},"locations":[{"start":{"line":18,"column":26},"end":{"line":22,"column":4}}]},"2":{"type":"branch","line":25,"loc":{"start":{"line":25,"column":28},"end":{"line":27,"column":4}},"locations":[{"start":{"line":25,"column":28},"end":{"line":27,"column":4}}]},"3":{"type":"branch","line":26,"loc":{"start":{"line":26,"column":47},"end":{"line":26,"column":79}},"locations":[{"start":{"line":26,"column":47},"end":{"line":26,"column":79}}]},"4":{"type":"branch","line":29,"loc":{"start":{"line":29,"column":24},"end":{"line":74,"column":4}},"locations":[{"start":{"line":29,"column":24},"end":{"line":74,"column":4}}]},"5":{"type":"branch","line":33,"loc":{"start":{"line":33,"column":42},"end":{"line":35,"column":5}},"locations":[{"start":{"line":33,"column":42},"end":{"line":35,"column":5}}]},"6":{"type":"branch","line":35,"loc":{"start":{"line":35,"column":4},"end":{"line":38,"column":35}},"locations":[{"start":{"line":35,"column":4},"end":{"line":38,"column":35}}]},"7":{"type":"branch","line":38,"loc":{"start":{"line":38,"column":35},"end":{"line":40,"column":5}},"locations":[{"start":{"line":38,"column":35},"end":{"line":40,"column":5}}]},"8":{"type":"branch","line":40,"loc":{"start":{"line":40,"column":4},"end":{"line":43,"column":34}},"locations":[{"start":{"line":40,"column":4},"end":{"line":43,"column":34}}]},"9":{"type":"branch","line":43,"loc":{"start":{"line":43,"column":36},"end":{"line":45,"column":5}},"locations":[{"start":{"line":43,"column":36},"end":{"line":45,"column":5}}]},"10":{"type":"branch","line":45,"loc":{"start":{"line":45,"column":4},"end":{"line":48,"column":38}},"locations":[{"start":{"line":45,"column":4},"end":{"line":48,"column":38}}]},"11":{"type":"branch","line":48,"loc":{"start":{"line":48,"column":38},"end":{"line":53,"column":34}},"locations":[{"start":{"line":48,"column":38},"end":{"line":53,"column":34}}]},"12":{"type":"branch","line":53,"loc":{"start":{"line":53,"column":34},"end":{"line":55,"column":5}},"locations":[{"start":{"line":53,"column":34},"end":{"line":55,"column":5}}]},"13":{"type":"branch","line":55,"loc":{"start":{"line":55,"column":4},"end":{"line":58,"column":53}},"locations":[{"start":{"line":55,"column":4},"end":{"line":58,"column":53}}]},"14":{"type":"branch","line":58,"loc":{"start":{"line":58,"column":55},"end":{"line":60,"column":5}},"locations":[{"start":{"line":58,"column":55},"end":{"line":60,"column":5}}]},"15":{"type":"branch","line":60,"loc":{"start":{"line":60,"column":4},"end":{"line":63,"column":41}},"locations":[{"start":{"line":60,"column":4},"end":{"line":63,"column":41}}]},"16":{"type":"branch","line":63,"loc":{"start":{"line":63,"column":41},"end":{"line":65,"column":5}},"locations":[{"start":{"line":63,"column":41},"end":{"line":65,"column":5}}]},"17":{"type":"branch","line":65,"loc":{"start":{"line":65,"column":4},"end":{"line":74,"column":4}},"locations":[{"start":{"line":65,"column":4},"end":{"line":74,"column":4}}]},"18":{"type":"branch","line":76,"loc":{"start":{"line":76,"column":21},"end":{"line":79,"column":4}},"locations":[{"start":{"line":76,"column":21},"end":{"line":79,"column":4}}]}},"b":{"0":[1],"1":[2],"2":[1],"3":[2],"4":[3],"5":[1],"6":[2],"7":[0],"8":[2],"9":[0],"10":[2],"11":[1],"12":[0],"13":[1],"14":[0],"15":[1],"16":[0],"17":[1],"18":[1]},"fnMap":{"0":{"name":"isValidZipCode","decl":{"start":{"line":12,"column":26},"end":{"line":15,"column":4}},"loc":{"start":{"line":12,"column":26},"end":{"line":15,"column":4}},"line":12},"1":{"name":"isValidAddress","decl":{"start":{"line":18,"column":26},"end":{"line":22,"column":4}},"loc":{"start":{"line":18,"column":26},"end":{"line":22,"column":4}},"line":18},"2":{"name":"isValidDateArray","decl":{"start":{"line":25,"column":28},"end":{"line":27,"column":4}},"loc":{"start":{"line":25,"column":28},"end":{"line":27,"column":4}},"line":25},"3":{"name":"createProfile","decl":{"start":{"line":29,"column":24},"end":{"line":74,"column":4}},"loc":{"start":{"line":29,"column":24},"end":{"line":74,"column":4}},"line":29},"4":{"name":"getProfile","decl":{"start":{"line":76,"column":21},"end":{"line":79,"column":4}},"loc":{"start":{"line":76,"column":21},"end":{"line":79,"column":4}},"line":76}},"f":{"0":1,"1":2,"2":1,"3":3,"4":1}}
,"C:\\Users\\peter\\Dropbox\\PC\\Documents\\GitHub\\COSC-4353-Group-14\\server\\routes\\profile-router.js": {"path":"C:\\Users\\peter\\Dropbox\\PC\\Documents\\GitHub\\COSC-4353-Group-14\\server\\routes\\profile-router.js","all":false,"statementMap":{"0":{"start":{"line":1,"column":0},"end":{"line":1,"column":34}},"1":{"start":{"line":2,"column":0},"end":{"line":2,"column":31}},"2":{"start":{"line":3,"column":0},"end":{"line":3,"column":82}},"3":{"start":{"line":4,"column":0},"end":{"line":4,"column":0}},"4":{"start":{"line":5,"column":0},"end":{"line":5,"column":32}},"5":{"start":{"line":6,"column":0},"end":{"line":6,"column":27}},"6":{"start":{"line":7,"column":0},"end":{"line":7,"column":0}},"7":{"start":{"line":8,"column":0},"end":{"line":8,"column":0}},"8":{"start":{"line":9,"column":0},"end":{"line":9,"column":24}}},"s":{"0":1,"1":1,"2":1,"3":1,"4":1,"5":1,"6":1,"7":1,"8":1},"branchMap":{},"b":{},"fnMap":{},"f":{}}
}
