{"C:\\Users\\peter\\Dropbox\\PC\\Documents\\GitHub\\COSC-4353-Group-14\\server\\server.js": {"path":"C:\\Users\\peter\\Dropbox\\PC\\Documents\\GitHub\\COSC-4353-Group-14\\server\\server.js","all":false,"statementMap":{"0":{"start":{"line":1,"column":0},"end":{"line":1,"column":14}},"1":{"start":{"line":2,"column":0},"end":{"line":2,"column":93}},"2":{"start":{"line":3,"column":0},"end":{"line":3,"column":40}},"3":{"start":{"line":4,"column":0},"end":{"line":4,"column":51}},"4":{"start":{"line":5,"column":0},"end":{"line":5,"column":0}},"5":{"start":{"line":6,"column":0},"end":{"line":6,"column":34}},"6":{"start":{"line":7,"column":0},"end":{"line":7,"column":28}},"7":{"start":{"line":8,"column":0},"end":{"line":8,"column":41}},"8":{"start":{"line":9,"column":0},"end":{"line":9,"column":22}},"9":{"start":{"line":10,"column":0},"end":{"line":10,"column":0}},"10":{"start":{"line":11,"column":0},"end":{"line":11,"column":16}},"11":{"start":{"line":12,"column":0},"end":{"line":12,"column":57}},"12":{"start":{"line":13,"column":0},"end":{"line":13,"column":51}},"13":{"start":{"line":14,"column":0},"end":{"line":14,"column":47}},"14":{"start":{"line":15,"column":0},"end":{"line":15,"column":68}},"15":{"start":{"line":16,"column":0},"end":{"line":16,"column":61}},"16":{"start":{"line":17,"column":0},"end":{"line":17,"column":71}},"17":{"start":{"line":18,"column":0},"end":{"line":18,"column":81}},"18":{"start":{"line":19,"column":0},"end":{"line":19,"column":0}},"19":{"start":{"line":20,"column":0},"end":{"line":20,"column":26}},"20":{"start":{"line":21,"column":0},"end":{"line":21,"column":48}},"21":{"start":{"line":22,"column":0},"end":{"line":22,"column":0}},"22":{"start":{"line":23,"column":0},"end":{"line":23,"column":0}},"23":{"start":{"line":24,"column":0},"end":{"line":24,"column":21}},"24":{"start":{"line":25,"column":0},"end":{"line":25,"column":16}},"25":{"start":{"line":26,"column":0},"end":{"line":26,"column":22}},"26":{"start":{"line":27,"column":0},"end":{"line":27,"column":28}},"27":{"start":{"line":28,"column":0},"end":{"line":28,"column":1}},"28":{"start":{"line":29,"column":0},"end":{"line":29,"column":26}},"29":{"start":{"line":30,"column":0},"end":{"line":30,"column":0}},"30":{"start":{"line":31,"column":0},"end":{"line":31,"column":13}},"31":{"start":{"line":32,"column":0},"end":{"line":32,"column":25}},"32":{"start":{"line":33,"column":0},"end":{"line":33,"column":35}},"33":{"start":{"line":34,"column":0},"end":{"line":34,"column":36}},"34":{"start":{"line":35,"column":0},"end":{"line":35,"column":58}},"35":{"start":{"line":36,"column":0},"end":{"line":36,"column":39}},"36":{"start":{"line":37,"column":0},"end":{"line":37,"column":55}},"37":{"start":{"line":38,"column":0},"end":{"line":38,"column":55}},"38":{"start":{"line":39,"column":0},"end":{"line":39,"column":0}},"39":{"start":{"line":40,"column":0},"end":{"line":40,"column":24}},"40":{"start":{"line":41,"column":0},"end":{"line":41,"column":46}},"41":{"start":{"line":42,"column":0},"end":{"line":42,"column":39}},"42":{"start":{"line":43,"column":0},"end":{"line":43,"column":0}},"43":{"start":{"line":44,"column":0},"end":{"line":44,"column":21}}},"s":{"0":1,"1":1,"2":1,"3":1,"4":1,"5":1,"6":1,"7":1,"8":1,"9":1,"10":1,"11":1,"12":1,"13":1,"14":1,"15":1,"16":1,"17":1,"18":1,"19":1,"20":1,"21":1,"22":1,"23":1,"24":1,"25":1,"26":1,"27":1,"28":1,"29":1,"30":1,"31":1,"32":1,"33":1,"34":1,"35":1,"36":1,"37":1,"38":1,"39":1,"40":1,"41":1,"42":1,"43":1},"branchMap":{"0":{"type":"branch","line":40,"loc":{"start":{"line":40,"column":17},"end":{"line":42,"column":3}},"locations":[{"start":{"line":40,"column":17},"end":{"line":42,"column":3}}]}},"b":{"0":[1]},"fnMap":{},"f":{}}
,"C:\\Users\\peter\\Dropbox\\PC\\Documents\\GitHub\\COSC-4353-Group-14\\server\\controllers\\NotificationController.js": {"path":"C:\\Users\\peter\\Dropbox\\PC\\Documents\\GitHub\\COSC-4353-Group-14\\server\\controllers\\NotificationController.js","all":false,"statementMap":{"0":{"start":{"line":1,"column":0},"end":{"line":1,"column":40}},"1":{"start":{"line":2,"column":0},"end":{"line":2,"column":0}},"2":{"start":{"line":3,"column":0},"end":{"line":3,"column":101}},"3":{"start":{"line":4,"column":0},"end":{"line":4,"column":0}},"4":{"start":{"line":5,"column":0},"end":{"line":5,"column":90}},"5":{"start":{"line":6,"column":0},"end":{"line":6,"column":60}},"6":{"start":{"line":7,"column":0},"end":{"line":7,"column":73}},"7":{"start":{"line":8,"column":0},"end":{"line":8,"column":0}},"8":{"start":{"line":9,"column":0},"end":{"line":9,"column":31}},"9":{"start":{"line":10,"column":0},"end":{"line":10,"column":52}},"10":{"start":{"line":11,"column":0},"end":{"line":11,"column":42}},"11":{"start":{"line":12,"column":0},"end":{"line":12,"column":70}},"12":{"start":{"line":13,"column":0},"end":{"line":13,"column":70}},"13":{"start":{"line":14,"column":0},"end":{"line":14,"column":2}},"14":{"start":{"line":15,"column":0},"end":{"line":15,"column":0}},"15":{"start":{"line":16,"column":0},"end":{"line":16,"column":27}},"16":{"start":{"line":17,"column":0},"end":{"line":17,"column":48}},"17":{"start":{"line":18,"column":0},"end":{"line":18,"column":51}},"18":{"start":{"line":19,"column":0},"end":{"line":19,"column":75}},"19":{"start":{"line":20,"column":0},"end":{"line":20,"column":66}},"20":{"start":{"line":21,"column":0},"end":{"line":21,"column":2}},"21":{"start":{"line":22,"column":0},"end":{"line":22,"column":0}},"22":{"start":{"line":23,"column":0},"end":{"line":23,"column":29}},"23":{"start":{"line":24,"column":0},"end":{"line":24,"column":50}},"24":{"start":{"line":25,"column":0},"end":{"line":25,"column":42}},"25":{"start":{"line":26,"column":0},"end":{"line":26,"column":68}},"26":{"start":{"line":27,"column":0},"end":{"line":27,"column":68}},"27":{"start":{"line":28,"column":0},"end":{"line":28,"column":2}}},"s":{"0":1,"1":1,"2":1,"3":1,"4":1,"5":1,"6":1,"7":1,"8":1,"9":1,"10":0,"11":0,"12":0,"13":0,"14":1,"15":1,"16":1,"17":0,"18":0,"19":0,"20":0,"21":1,"22":1,"23":1,"24":0,"25":0,"26":0,"27":0},"branchMap":{},"b":{},"fnMap":{"0":{"name":"Object.<anonymous>.exports.sendAssignmentNotification","decl":{"start":{"line":10,"column":37},"end":{"line":14,"column":2}},"loc":{"start":{"line":10,"column":37},"end":{"line":14,"column":2}},"line":10},"1":{"name":"Object.<anonymous>.exports.sendUpdateNotification","decl":{"start":{"line":17,"column":33},"end":{"line":21,"column":2}},"loc":{"start":{"line":17,"column":33},"end":{"line":21,"column":2}},"line":17},"2":{"name":"Object.<anonymous>.exports.sendReminderNotification","decl":{"start":{"line":24,"column":35},"end":{"line":28,"column":2}},"loc":{"start":{"line":24,"column":35},"end":{"line":28,"column":2}},"line":24}},"f":{"0":0,"1":0,"2":0}}
,"C:\\Users\\peter\\Dropbox\\PC\\Documents\\GitHub\\COSC-4353-Group-14\\server\\controllers\\VolunteerMatchingController.js": {"path":"C:\\Users\\peter\\Dropbox\\PC\\Documents\\GitHub\\COSC-4353-Group-14\\server\\controllers\\VolunteerMatchingController.js","all":false,"statementMap":{"0":{"start":{"line":1,"column":0},"end":{"line":1,"column":45}},"1":{"start":{"line":2,"column":0},"end":{"line":2,"column":0}},"2":{"start":{"line":3,"column":0},"end":{"line":3,"column":67}},"3":{"start":{"line":4,"column":0},"end":{"line":4,"column":0}},"4":{"start":{"line":5,"column":0},"end":{"line":5,"column":32}},"5":{"start":{"line":6,"column":0},"end":{"line":6,"column":41}},"6":{"start":{"line":7,"column":0},"end":{"line":7,"column":44}},"7":{"start":{"line":8,"column":0},"end":{"line":8,"column":63}},"8":{"start":{"line":9,"column":0},"end":{"line":9,"column":46}},"9":{"start":{"line":10,"column":0},"end":{"line":10,"column":38}},"10":{"start":{"line":11,"column":0},"end":{"line":11,"column":2}}},"s":{"0":1,"1":1,"2":1,"3":1,"4":1,"5":1,"6":0,"7":0,"8":0,"9":0,"10":0},"branchMap":{},"b":{},"fnMap":{"0":{"name":"Object.<anonymous>.exports.matchVolunteers","decl":{"start":{"line":6,"column":26},"end":{"line":11,"column":2}},"loc":{"start":{"line":6,"column":26},"end":{"line":11,"column":2}},"line":6}},"f":{"0":0}}
,"C:\\Users\\peter\\Dropbox\\PC\\Documents\\GitHub\\COSC-4353-Group-14\\server\\controllers\\eventController.js": {"path":"C:\\Users\\peter\\Dropbox\\PC\\Documents\\GitHub\\COSC-4353-Group-14\\server\\controllers\\eventController.js","all":false,"statementMap":{"0":{"start":{"line":1,"column":0},"end":{"line":1,"column":31}},"1":{"start":{"line":2,"column":0},"end":{"line":2,"column":16}},"2":{"start":{"line":3,"column":0},"end":{"line":3,"column":0}},"3":{"start":{"line":4,"column":0},"end":{"line":4,"column":21}},"4":{"start":{"line":5,"column":0},"end":{"line":5,"column":37}},"5":{"start":{"line":6,"column":0},"end":{"line":6,"column":55}},"6":{"start":{"line":7,"column":0},"end":{"line":7,"column":21}},"7":{"start":{"line":8,"column":0},"end":{"line":8,"column":30}},"8":{"start":{"line":9,"column":0},"end":{"line":9,"column":2}},"9":{"start":{"line":10,"column":0},"end":{"line":10,"column":0}},"10":{"start":{"line":11,"column":0},"end":{"line":11,"column":17}},"11":{"start":{"line":12,"column":0},"end":{"line":12,"column":35}},"12":{"start":{"line":13,"column":0},"end":{"line":13,"column":31}},"13":{"start":{"line":14,"column":0},"end":{"line":14,"column":2}},"14":{"start":{"line":15,"column":0},"end":{"line":15,"column":0}},"15":{"start":{"line":16,"column":0},"end":{"line":16,"column":18}},"16":{"start":{"line":17,"column":0},"end":{"line":17,"column":37}},"17":{"start":{"line":18,"column":0},"end":{"line":18,"column":28}},"18":{"start":{"line":19,"column":0},"end":{"line":19,"column":58}},"19":{"start":{"line":20,"column":0},"end":{"line":20,"column":0}},"20":{"start":{"line":21,"column":0},"end":{"line":21,"column":80}},"21":{"start":{"line":22,"column":0},"end":{"line":22,"column":0}},"22":{"start":{"line":23,"column":0},"end":{"line":23,"column":52}},"23":{"start":{"line":24,"column":0},"end":{"line":24,"column":38}},"24":{"start":{"line":25,"column":0},"end":{"line":25,"column":2}},"25":{"start":{"line":26,"column":0},"end":{"line":26,"column":0}},"26":{"start":{"line":27,"column":0},"end":{"line":27,"column":18}},"27":{"start":{"line":28,"column":0},"end":{"line":28,"column":37}},"28":{"start":{"line":29,"column":0},"end":{"line":29,"column":28}},"29":{"start":{"line":30,"column":0},"end":{"line":30,"column":58}},"30":{"start":{"line":31,"column":0},"end":{"line":31,"column":0}},"31":{"start":{"line":32,"column":0},"end":{"line":32,"column":80}},"32":{"start":{"line":33,"column":0},"end":{"line":33,"column":0}},"33":{"start":{"line":34,"column":0},"end":{"line":34,"column":26}},"34":{"start":{"line":35,"column":0},"end":{"line":35,"column":53}},"35":{"start":{"line":36,"column":0},"end":{"line":36,"column":2}}},"s":{"0":1,"1":1,"2":1,"3":1,"4":1,"5":1,"6":1,"7":1,"8":1,"9":1,"10":1,"11":1,"12":1,"13":1,"14":1,"15":1,"16":1,"17":0,"18":0,"19":0,"20":0,"21":0,"22":0,"23":0,"24":0,"25":1,"26":1,"27":1,"28":0,"29":0,"30":0,"31":0,"32":0,"33":0,"34":0,"35":0},"branchMap":{"0":{"type":"branch","line":5,"loc":{"start":{"line":5,"column":22},"end":{"line":9,"column":2}},"locations":[{"start":{"line":5,"column":22},"end":{"line":9,"column":2}}]},"1":{"type":"branch","line":12,"loc":{"start":{"line":12,"column":20},"end":{"line":14,"column":2}},"locations":[{"start":{"line":12,"column":20},"end":{"line":14,"column":2}}]}},"b":{"0":[1],"1":[1]},"fnMap":{"0":{"name":"Object.<anonymous>.exports.createEvent","decl":{"start":{"line":5,"column":22},"end":{"line":9,"column":2}},"loc":{"start":{"line":5,"column":22},"end":{"line":9,"column":2}},"line":5},"1":{"name":"Object.<anonymous>.exports.getEvents","decl":{"start":{"line":12,"column":20},"end":{"line":14,"column":2}},"loc":{"start":{"line":12,"column":20},"end":{"line":14,"column":2}},"line":12},"2":{"name":"Object.<anonymous>.exports.updateEvent","decl":{"start":{"line":17,"column":22},"end":{"line":25,"column":2}},"loc":{"start":{"line":17,"column":22},"end":{"line":25,"column":2}},"line":17},"3":{"name":"Object.<anonymous>.exports.deleteEvent","decl":{"start":{"line":28,"column":22},"end":{"line":36,"column":2}},"loc":{"start":{"line":28,"column":22},"end":{"line":36,"column":2}},"line":28}},"f":{"0":1,"1":1,"2":0,"3":0}}
,"C:\\Users\\peter\\Dropbox\\PC\\Documents\\GitHub\\COSC-4353-Group-14\\server\\controllers\\loginController.js": {"path":"C:\\Users\\peter\\Dropbox\\PC\\Documents\\GitHub\\COSC-4353-Group-14\\server\\controllers\\loginController.js","all":false,"statementMap":{"0":{"start":{"line":1,"column":0},"end":{"line":1,"column":40}},"1":{"start":{"line":2,"column":0},"end":{"line":2,"column":47}},"2":{"start":{"line":3,"column":0},"end":{"line":3,"column":49}},"3":{"start":{"line":4,"column":0},"end":{"line":4,"column":50}},"4":{"start":{"line":5,"column":0},"end":{"line":5,"column":0}},"5":{"start":{"line":6,"column":0},"end":{"line":6,"column":56}},"6":{"start":{"line":7,"column":0},"end":{"line":7,"column":77}},"7":{"start":{"line":8,"column":0},"end":{"line":8,"column":84}},"8":{"start":{"line":9,"column":0},"end":{"line":9,"column":35}},"9":{"start":{"line":10,"column":0},"end":{"line":10,"column":43}},"10":{"start":{"line":11,"column":0},"end":{"line":11,"column":0}},"11":{"start":{"line":12,"column":0},"end":{"line":12,"column":36}},"12":{"start":{"line":13,"column":0},"end":{"line":13,"column":33}},"13":{"start":{"line":14,"column":0},"end":{"line":14,"column":83}},"14":{"start":{"line":15,"column":0},"end":{"line":15,"column":30}},"15":{"start":{"line":16,"column":0},"end":{"line":16,"column":3}},"16":{"start":{"line":17,"column":0},"end":{"line":17,"column":0}},"17":{"start":{"line":18,"column":0},"end":{"line":18,"column":21}},"18":{"start":{"line":19,"column":0},"end":{"line":19,"column":40}},"19":{"start":{"line":20,"column":0},"end":{"line":20,"column":40}},"20":{"start":{"line":21,"column":0},"end":{"line":21,"column":0}},"21":{"start":{"line":22,"column":0},"end":{"line":22,"column":28}},"22":{"start":{"line":23,"column":0},"end":{"line":23,"column":30}},"23":{"start":{"line":24,"column":0},"end":{"line":24,"column":84}},"24":{"start":{"line":25,"column":0},"end":{"line":25,"column":5}},"25":{"start":{"line":26,"column":0},"end":{"line":26,"column":0}},"26":{"start":{"line":27,"column":0},"end":{"line":27,"column":35}},"27":{"start":{"line":28,"column":0},"end":{"line":28,"column":47}},"28":{"start":{"line":29,"column":0},"end":{"line":29,"column":23}},"29":{"start":{"line":30,"column":0},"end":{"line":30,"column":52}},"30":{"start":{"line":31,"column":0},"end":{"line":31,"column":72}},"31":{"start":{"line":32,"column":0},"end":{"line":32,"column":5}},"32":{"start":{"line":33,"column":0},"end":{"line":33,"column":0}},"33":{"start":{"line":34,"column":0},"end":{"line":34,"column":22}},"34":{"start":{"line":35,"column":0},"end":{"line":35,"column":60}},"35":{"start":{"line":36,"column":0},"end":{"line":36,"column":0}},"36":{"start":{"line":37,"column":0},"end":{"line":37,"column":39}},"37":{"start":{"line":38,"column":0},"end":{"line":38,"column":53}},"38":{"start":{"line":39,"column":0},"end":{"line":39,"column":0}},"39":{"start":{"line":40,"column":0},"end":{"line":40,"column":69}},"40":{"start":{"line":41,"column":0},"end":{"line":41,"column":3}},"41":{"start":{"line":42,"column":0},"end":{"line":42,"column":0}},"42":{"start":{"line":43,"column":0},"end":{"line":43,"column":25}},"43":{"start":{"line":44,"column":0},"end":{"line":44,"column":37}},"44":{"start":{"line":45,"column":0},"end":{"line":45,"column":40}},"45":{"start":{"line":46,"column":0},"end":{"line":46,"column":0}},"46":{"start":{"line":47,"column":0},"end":{"line":47,"column":37}},"47":{"start":{"line":48,"column":0},"end":{"line":48,"column":54}},"48":{"start":{"line":49,"column":0},"end":{"line":49,"column":0}},"49":{"start":{"line":50,"column":0},"end":{"line":50,"column":27}},"50":{"start":{"line":51,"column":0},"end":{"line":51,"column":30}},"51":{"start":{"line":52,"column":0},"end":{"line":52,"column":53}},"52":{"start":{"line":53,"column":0},"end":{"line":53,"column":83}},"53":{"start":{"line":54,"column":0},"end":{"line":54,"column":5}},"54":{"start":{"line":55,"column":0},"end":{"line":55,"column":0}},"55":{"start":{"line":56,"column":0},"end":{"line":56,"column":15}},"56":{"start":{"line":57,"column":0},"end":{"line":57,"column":39}},"57":{"start":{"line":58,"column":0},"end":{"line":58,"column":26}},"58":{"start":{"line":59,"column":0},"end":{"line":59,"column":16}},"59":{"start":{"line":60,"column":0},"end":{"line":60,"column":48}},"60":{"start":{"line":61,"column":0},"end":{"line":61,"column":68}},"61":{"start":{"line":62,"column":0},"end":{"line":62,"column":5}},"62":{"start":{"line":63,"column":0},"end":{"line":63,"column":0}},"63":{"start":{"line":64,"column":0},"end":{"line":64,"column":60}},"64":{"start":{"line":65,"column":0},"end":{"line":65,"column":75}},"65":{"start":{"line":66,"column":0},"end":{"line":66,"column":27}},"66":{"start":{"line":67,"column":0},"end":{"line":67,"column":48}},"67":{"start":{"line":68,"column":0},"end":{"line":68,"column":73}},"68":{"start":{"line":69,"column":0},"end":{"line":69,"column":5}},"69":{"start":{"line":70,"column":0},"end":{"line":70,"column":0}},"70":{"start":{"line":71,"column":0},"end":{"line":71,"column":27}},"71":{"start":{"line":72,"column":0},"end":{"line":72,"column":9}},"72":{"start":{"line":73,"column":0},"end":{"line":73,"column":66}},"73":{"start":{"line":74,"column":0},"end":{"line":74,"column":99}},"74":{"start":{"line":75,"column":0},"end":{"line":75,"column":8}},"75":{"start":{"line":76,"column":0},"end":{"line":76,"column":95}},"76":{"start":{"line":77,"column":0},"end":{"line":77,"column":63}},"77":{"start":{"line":78,"column":0},"end":{"line":78,"column":0}},"78":{"start":{"line":79,"column":0},"end":{"line":79,"column":28}},"79":{"start":{"line":80,"column":0},"end":{"line":80,"column":44}},"80":{"start":{"line":81,"column":0},"end":{"line":81,"column":21}},"81":{"start":{"line":82,"column":0},"end":{"line":82,"column":51}},"82":{"start":{"line":83,"column":0},"end":{"line":83,"column":5}},"83":{"start":{"line":84,"column":0},"end":{"line":84,"column":4}},"84":{"start":{"line":85,"column":0},"end":{"line":85,"column":94}},"85":{"start":{"line":86,"column":0},"end":{"line":86,"column":62}},"86":{"start":{"line":87,"column":0},"end":{"line":87,"column":0}},"87":{"start":{"line":88,"column":0},"end":{"line":88,"column":27}},"88":{"start":{"line":89,"column":0},"end":{"line":89,"column":43}},"89":{"start":{"line":90,"column":0},"end":{"line":90,"column":2}}},"s":{"0":1,"1":1,"2":1,"3":1,"4":1,"5":1,"6":1,"7":1,"8":1,"9":1,"10":1,"11":1,"12":1,"13":7,"14":7,"15":7,"16":1,"17":1,"18":1,"19":3,"20":3,"21":3,"22":3,"23":0,"24":0,"25":3,"26":3,"27":3,"28":3,"29":0,"30":0,"31":0,"32":3,"33":3,"34":3,"35":3,"36":3,"37":3,"38":3,"39":3,"40":3,"41":1,"42":1,"43":1,"44":4,"45":4,"46":4,"47":4,"48":4,"49":4,"50":4,"51":1,"52":1,"53":1,"54":3,"55":3,"56":3,"57":3,"58":4,"59":1,"60":1,"61":1,"62":2,"63":2,"64":2,"65":4,"66":1,"67":1,"68":1,"69":1,"70":1,"71":1,"72":1,"73":1,"74":1,"75":1,"76":1,"77":1,"78":1,"79":1,"80":4,"81":0,"82":0,"83":4,"84":4,"85":4,"86":4,"87":4,"88":4,"89":4},"branchMap":{"0":{"type":"branch","line":13,"loc":{"start":{"line":13,"column":22},"end":{"line":16,"column":3}},"locations":[{"start":{"line":13,"column":22},"end":{"line":16,"column":3}}]},"1":{"type":"branch","line":19,"loc":{"start":{"line":19,"column":19},"end":{"line":41,"column":3}},"locations":[{"start":{"line":19,"column":19},"end":{"line":41,"column":3}}]},"2":{"type":"branch","line":23,"loc":{"start":{"line":23,"column":29},"end":{"line":25,"column":5}},"locations":[{"start":{"line":23,"column":29},"end":{"line":25,"column":5}}]},"3":{"type":"branch","line":29,"loc":{"start":{"line":29,"column":22},"end":{"line":32,"column":5}},"locations":[{"start":{"line":29,"column":22},"end":{"line":32,"column":5}}]},"4":{"type":"branch","line":44,"loc":{"start":{"line":44,"column":16},"end":{"line":90,"column":2}},"locations":[{"start":{"line":44,"column":16},"end":{"line":90,"column":2}}]},"5":{"type":"branch","line":51,"loc":{"start":{"line":51,"column":29},"end":{"line":54,"column":5}},"locations":[{"start":{"line":51,"column":29},"end":{"line":54,"column":5}}]},"6":{"type":"branch","line":54,"loc":{"start":{"line":54,"column":4},"end":{"line":59,"column":15}},"locations":[{"start":{"line":54,"column":4},"end":{"line":59,"column":15}}]},"7":{"type":"branch","line":59,"loc":{"start":{"line":59,"column":15},"end":{"line":62,"column":5}},"locations":[{"start":{"line":59,"column":15},"end":{"line":62,"column":5}}]},"8":{"type":"branch","line":62,"loc":{"start":{"line":62,"column":4},"end":{"line":66,"column":26}},"locations":[{"start":{"line":62,"column":4},"end":{"line":66,"column":26}}]},"9":{"type":"branch","line":66,"loc":{"start":{"line":66,"column":26},"end":{"line":81,"column":6}},"locations":[{"start":{"line":66,"column":26},"end":{"line":81,"column":6}}]},"10":{"type":"branch","line":81,"loc":{"start":{"line":81,"column":6},"end":{"line":83,"column":5}},"locations":[{"start":{"line":81,"column":6},"end":{"line":83,"column":5}}]}},"b":{"0":[7],"1":[3],"2":[0],"3":[0],"4":[4],"5":[1],"6":[3],"7":[1],"8":[2],"9":[1],"10":[0]},"fnMap":{"0":{"name":"isValidEmail","decl":{"start":{"line":13,"column":22},"end":{"line":16,"column":3}},"loc":{"start":{"line":13,"column":22},"end":{"line":16,"column":3}},"line":13},"1":{"name":"Object.<anonymous>.exports.register","decl":{"start":{"line":19,"column":19},"end":{"line":41,"column":3}},"loc":{"start":{"line":19,"column":19},"end":{"line":41,"column":3}},"line":19},"2":{"name":"Object.<anonymous>.exports.login","decl":{"start":{"line":44,"column":16},"end":{"line":90,"column":2}},"loc":{"start":{"line":44,"column":16},"end":{"line":90,"column":2}},"line":44}},"f":{"0":7,"1":3,"2":4}}
,"C:\\Users\\peter\\Dropbox\\PC\\Documents\\GitHub\\COSC-4353-Group-14\\server\\controllers\\profileController.js": {"path":"C:\\Users\\peter\\Dropbox\\PC\\Documents\\GitHub\\COSC-4353-Group-14\\server\\controllers\\profileController.js","all":false,"statementMap":{"0":{"start":{"line":1,"column":0},"end":{"line":1,"column":0}},"1":{"start":{"line":2,"column":0},"end":{"line":2,"column":0}},"2":{"start":{"line":3,"column":0},"end":{"line":3,"column":31}},"3":{"start":{"line":4,"column":0},"end":{"line":4,"column":21}},"4":{"start":{"line":5,"column":0},"end":{"line":5,"column":93}},"5":{"start":{"line":6,"column":0},"end":{"line":6,"column":93}},"6":{"start":{"line":7,"column":0},"end":{"line":7,"column":93}},"7":{"start":{"line":8,"column":0},"end":{"line":8,"column":32}},"8":{"start":{"line":9,"column":0},"end":{"line":9,"column":4}},"9":{"start":{"line":10,"column":0},"end":{"line":10,"column":2}},"10":{"start":{"line":11,"column":0},"end":{"line":11,"column":41}},"11":{"start":{"line":12,"column":0},"end":{"line":12,"column":39}},"12":{"start":{"line":13,"column":0},"end":{"line":13,"column":44}},"13":{"start":{"line":14,"column":0},"end":{"line":14,"column":38}},"14":{"start":{"line":15,"column":0},"end":{"line":15,"column":4}},"15":{"start":{"line":16,"column":0},"end":{"line":16,"column":2}},"16":{"start":{"line":17,"column":0},"end":{"line":17,"column":73}},"17":{"start":{"line":18,"column":0},"end":{"line":18,"column":39}},"18":{"start":{"line":19,"column":0},"end":{"line":19,"column":76}},"19":{"start":{"line":20,"column":0},"end":{"line":20,"column":52}},"20":{"start":{"line":21,"column":0},"end":{"line":21,"column":38}},"21":{"start":{"line":22,"column":0},"end":{"line":22,"column":4}},"22":{"start":{"line":23,"column":0},"end":{"line":23,"column":2}},"23":{"start":{"line":24,"column":0},"end":{"line":24,"column":74}},"24":{"start":{"line":25,"column":0},"end":{"line":25,"column":39}},"25":{"start":{"line":26,"column":0},"end":{"line":26,"column":81}},"26":{"start":{"line":27,"column":0},"end":{"line":27,"column":4}},"27":{"start":{"line":28,"column":0},"end":{"line":28,"column":2}},"28":{"start":{"line":29,"column":0},"end":{"line":29,"column":39}},"29":{"start":{"line":30,"column":0},"end":{"line":30,"column":111}},"30":{"start":{"line":31,"column":0},"end":{"line":31,"column":2}},"31":{"start":{"line":32,"column":0},"end":{"line":32,"column":25}},"32":{"start":{"line":33,"column":0},"end":{"line":33,"column":43}},"33":{"start":{"line":34,"column":0},"end":{"line":34,"column":94}},"34":{"start":{"line":35,"column":0},"end":{"line":35,"column":5}},"35":{"start":{"line":36,"column":0},"end":{"line":36,"column":2}},"36":{"start":{"line":37,"column":0},"end":{"line":37,"column":23}},"37":{"start":{"line":38,"column":0},"end":{"line":38,"column":36}},"38":{"start":{"line":39,"column":0},"end":{"line":39,"column":92}},"39":{"start":{"line":40,"column":0},"end":{"line":40,"column":5}},"40":{"start":{"line":41,"column":0},"end":{"line":41,"column":2}},"41":{"start":{"line":42,"column":0},"end":{"line":42,"column":27}},"42":{"start":{"line":43,"column":0},"end":{"line":43,"column":37}},"43":{"start":{"line":44,"column":0},"end":{"line":44,"column":66}},"44":{"start":{"line":45,"column":0},"end":{"line":45,"column":5}},"45":{"start":{"line":46,"column":0},"end":{"line":46,"column":2}},"46":{"start":{"line":47,"column":0},"end":{"line":47,"column":21}},"47":{"start":{"line":48,"column":0},"end":{"line":48,"column":39}},"48":{"start":{"line":49,"column":0},"end":{"line":49,"column":71}},"49":{"start":{"line":50,"column":0},"end":{"line":50,"column":5}},"50":{"start":{"line":51,"column":0},"end":{"line":51,"column":2}},"51":{"start":{"line":52,"column":0},"end":{"line":52,"column":24}},"52":{"start":{"line":53,"column":0},"end":{"line":53,"column":35}},"53":{"start":{"line":54,"column":0},"end":{"line":54,"column":96}},"54":{"start":{"line":55,"column":0},"end":{"line":55,"column":5}},"55":{"start":{"line":56,"column":0},"end":{"line":56,"column":2}},"56":{"start":{"line":57,"column":0},"end":{"line":57,"column":77}},"57":{"start":{"line":58,"column":0},"end":{"line":58,"column":56}},"58":{"start":{"line":59,"column":0},"end":{"line":59,"column":85}},"59":{"start":{"line":60,"column":0},"end":{"line":60,"column":5}},"60":{"start":{"line":61,"column":0},"end":{"line":61,"column":2}},"61":{"start":{"line":62,"column":0},"end":{"line":62,"column":66}},"62":{"start":{"line":63,"column":0},"end":{"line":63,"column":42}},"63":{"start":{"line":64,"column":0},"end":{"line":64,"column":94}},"64":{"start":{"line":65,"column":0},"end":{"line":65,"column":5}},"65":{"start":{"line":66,"column":0},"end":{"line":66,"column":2}},"66":{"start":{"line":67,"column":0},"end":{"line":67,"column":59}},"67":{"start":{"line":68,"column":0},"end":{"line":68,"column":52}},"68":{"start":{"line":69,"column":0},"end":{"line":69,"column":4}},"69":{"start":{"line":70,"column":0},"end":{"line":70,"column":27}},"70":{"start":{"line":71,"column":0},"end":{"line":71,"column":66}},"71":{"start":{"line":72,"column":0},"end":{"line":72,"column":60}},"72":{"start":{"line":73,"column":0},"end":{"line":73,"column":52}},"73":{"start":{"line":74,"column":0},"end":{"line":74,"column":4}},"74":{"start":{"line":75,"column":0},"end":{"line":75,"column":2}},"75":{"start":{"line":76,"column":0},"end":{"line":76,"column":36}},"76":{"start":{"line":77,"column":0},"end":{"line":77,"column":64}},"77":{"start":{"line":78,"column":0},"end":{"line":78,"column":72}},"78":{"start":{"line":79,"column":0},"end":{"line":79,"column":4}},"79":{"start":{"line":80,"column":0},"end":{"line":80,"column":2}},"80":{"start":{"line":81,"column":0},"end":{"line":81,"column":20}},"81":{"start":{"line":82,"column":0},"end":{"line":82,"column":15}},"82":{"start":{"line":83,"column":0},"end":{"line":83,"column":18}},"83":{"start":{"line":84,"column":0},"end":{"line":84,"column":4}}},"s":{"0":1,"1":1,"2":1,"3":1,"4":1,"5":1,"6":1,"7":1,"8":1,"9":1,"10":1,"11":1,"12":5,"13":5,"14":5,"15":1,"16":1,"17":1,"18":9,"19":9,"20":9,"21":9,"22":1,"23":1,"24":1,"25":3,"26":3,"27":1,"28":1,"29":11,"30":11,"31":11,"32":11,"33":2,"34":2,"35":9,"36":9,"37":11,"38":1,"39":1,"40":8,"41":8,"42":11,"43":1,"44":1,"45":7,"46":7,"47":11,"48":2,"49":2,"50":5,"51":5,"52":11,"53":1,"54":1,"55":4,"56":4,"57":11,"58":1,"59":1,"60":3,"61":3,"62":11,"63":1,"64":1,"65":2,"66":2,"67":2,"68":2,"69":2,"70":2,"71":2,"72":2,"73":2,"74":1,"75":1,"76":2,"77":2,"78":2,"79":1,"80":1,"81":1,"82":1,"83":1},"branchMap":{"0":{"type":"branch","line":12,"loc":{"start":{"line":12,"column":26},"end":{"line":15,"column":4}},"locations":[{"start":{"line":12,"column":26},"end":{"line":15,"column":4}}]},"1":{"type":"branch","line":18,"loc":{"start":{"line":18,"column":26},"end":{"line":22,"column":4}},"locations":[{"start":{"line":18,"column":26},"end":{"line":22,"column":4}}]},"2":{"type":"branch","line":25,"loc":{"start":{"line":25,"column":28},"end":{"line":27,"column":4}},"locations":[{"start":{"line":25,"column":28},"end":{"line":27,"column":4}}]},"3":{"type":"branch","line":26,"loc":{"start":{"line":26,"column":47},"end":{"line":26,"column":79}},"locations":[{"start":{"line":26,"column":47},"end":{"line":26,"column":79}}]},"4":{"type":"branch","line":29,"loc":{"start":{"line":29,"column":24},"end":{"line":74,"column":4}},"locations":[{"start":{"line":29,"column":24},"end":{"line":74,"column":4}}]},"5":{"type":"branch","line":33,"loc":{"start":{"line":33,"column":42},"end":{"line":35,"column":5}},"locations":[{"start":{"line":33,"column":42},"end":{"line":35,"column":5}}]},"6":{"type":"branch","line":35,"loc":{"start":{"line":35,"column":4},"end":{"line":38,"column":35}},"locations":[{"start":{"line":35,"column":4},"end":{"line":38,"column":35}}]},"7":{"type":"branch","line":38,"loc":{"start":{"line":38,"column":35},"end":{"line":40,"column":5}},"locations":[{"start":{"line":38,"column":35},"end":{"line":40,"column":5}}]},"8":{"type":"branch","line":40,"loc":{"start":{"line":40,"column":4},"end":{"line":43,"column":34}},"locations":[{"start":{"line":40,"column":4},"end":{"line":43,"column":34}}]},"9":{"type":"branch","line":40,"loc":{"start":{"line":40,"column":4},"end":{"line":43,"column":17}},"locations":[{"start":{"line":40,"column":4},"end":{"line":43,"column":17}}]},"10":{"type":"branch","line":43,"loc":{"start":{"line":43,"column":13},"end":{"line":43,"column":34}},"locations":[{"start":{"line":43,"column":13},"end":{"line":43,"column":34}}]},"11":{"type":"branch","line":43,"loc":{"start":{"line":43,"column":36},"end":{"line":45,"column":5}},"locations":[{"start":{"line":43,"column":36},"end":{"line":45,"column":5}}]},"12":{"type":"branch","line":45,"loc":{"start":{"line":45,"column":4},"end":{"line":48,"column":38}},"locations":[{"start":{"line":45,"column":4},"end":{"line":48,"column":38}}]},"13":{"type":"branch","line":48,"loc":{"start":{"line":48,"column":38},"end":{"line":53,"column":34}},"locations":[{"start":{"line":48,"column":38},"end":{"line":53,"column":34}}]},"14":{"type":"branch","line":48,"loc":{"start":{"line":48,"column":38},"end":{"line":50,"column":5}},"locations":[{"start":{"line":48,"column":38},"end":{"line":50,"column":5}}]},"15":{"type":"branch","line":50,"loc":{"start":{"line":50,"column":4},"end":{"line":53,"column":34}},"locations":[{"start":{"line":50,"column":4},"end":{"line":53,"column":34}}]},"16":{"type":"branch","line":53,"loc":{"start":{"line":53,"column":34},"end":{"line":55,"column":5}},"locations":[{"start":{"line":53,"column":34},"end":{"line":55,"column":5}}]},"17":{"type":"branch","line":55,"loc":{"start":{"line":55,"column":4},"end":{"line":58,"column":53}},"locations":[{"start":{"line":55,"column":4},"end":{"line":58,"column":53}}]},"18":{"type":"branch","line":58,"loc":{"start":{"line":58,"column":55},"end":{"line":60,"column":5}},"locations":[{"start":{"line":58,"column":55},"end":{"line":60,"column":5}}]},"19":{"type":"branch","line":60,"loc":{"start":{"line":60,"column":4},"end":{"line":63,"column":41}},"locations":[{"start":{"line":60,"column":4},"end":{"line":63,"column":41}}]},"20":{"type":"branch","line":63,"loc":{"start":{"line":63,"column":41},"end":{"line":74,"column":4}},"locations":[{"start":{"line":63,"column":41},"end":{"line":74,"column":4}}]},"21":{"type":"branch","line":63,"loc":{"start":{"line":63,"column":41},"end":{"line":65,"column":5}},"locations":[{"start":{"line":63,"column":41},"end":{"line":65,"column":5}}]},"22":{"type":"branch","line":65,"loc":{"start":{"line":65,"column":4},"end":{"line":74,"column":4}},"locations":[{"start":{"line":65,"column":4},"end":{"line":74,"column":4}}]},"23":{"type":"branch","line":76,"loc":{"start":{"line":76,"column":21},"end":{"line":79,"column":4}},"locations":[{"start":{"line":76,"column":21},"end":{"line":79,"column":4}}]}},"b":{"0":[5],"1":[9],"2":[3],"3":[5],"4":[11],"5":[2],"6":[9],"7":[1],"8":[10],"9":[8],"10":[7],"11":[1],"12":[7],"13":[9],"14":[2],"15":[5],"16":[1],"17":[4],"18":[1],"19":[3],"20":[4],"21":[1],"22":[2],"23":[2]},"fnMap":{"0":{"name":"isValidZipCode","decl":{"start":{"line":12,"column":26},"end":{"line":15,"column":4}},"loc":{"start":{"line":12,"column":26},"end":{"line":15,"column":4}},"line":12},"1":{"name":"isValidAddress","decl":{"start":{"line":18,"column":26},"end":{"line":22,"column":4}},"loc":{"start":{"line":18,"column":26},"end":{"line":22,"column":4}},"line":18},"2":{"name":"isValidDateArray","decl":{"start":{"line":25,"column":28},"end":{"line":27,"column":4}},"loc":{"start":{"line":25,"column":28},"end":{"line":27,"column":4}},"line":25},"3":{"name":"createProfile","decl":{"start":{"line":29,"column":24},"end":{"line":74,"column":4}},"loc":{"start":{"line":29,"column":24},"end":{"line":74,"column":4}},"line":29},"4":{"name":"getProfile","decl":{"start":{"line":76,"column":21},"end":{"line":79,"column":4}},"loc":{"start":{"line":76,"column":21},"end":{"line":79,"column":4}},"line":76}},"f":{"0":5,"1":9,"2":3,"3":11,"4":2}}
,"C:\\Users\\peter\\Dropbox\\PC\\Documents\\GitHub\\COSC-4353-Group-14\\server\\controllers\\volunteerHistoryController.js": {"path":"C:\\Users\\peter\\Dropbox\\PC\\Documents\\GitHub\\COSC-4353-Group-14\\server\\controllers\\volunteerHistoryController.js","all":false,"statementMap":{"0":{"start":{"line":1,"column":0},"end":{"line":1,"column":42}},"1":{"start":{"line":2,"column":0},"end":{"line":2,"column":26}},"2":{"start":{"line":3,"column":0},"end":{"line":3,"column":0}},"3":{"start":{"line":4,"column":0},"end":{"line":4,"column":36}},"4":{"start":{"line":5,"column":0},"end":{"line":5,"column":48}},"5":{"start":{"line":6,"column":0},"end":{"line":6,"column":67}},"6":{"start":{"line":7,"column":0},"end":{"line":7,"column":33}},"7":{"start":{"line":8,"column":0},"end":{"line":8,"column":32}},"8":{"start":{"line":9,"column":0},"end":{"line":9,"column":2}},"9":{"start":{"line":10,"column":0},"end":{"line":10,"column":0}},"10":{"start":{"line":11,"column":0},"end":{"line":11,"column":36}},"11":{"start":{"line":12,"column":0},"end":{"line":12,"column":45}},"12":{"start":{"line":13,"column":0},"end":{"line":13,"column":41}},"13":{"start":{"line":14,"column":0},"end":{"line":14,"column":2}}},"s":{"0":1,"1":1,"2":1,"3":1,"4":1,"5":1,"6":1,"7":1,"8":1,"9":1,"10":1,"11":1,"12":1,"13":1},"branchMap":{"0":{"type":"branch","line":5,"loc":{"start":{"line":5,"column":33},"end":{"line":9,"column":2}},"locations":[{"start":{"line":5,"column":33},"end":{"line":9,"column":2}}]},"1":{"type":"branch","line":12,"loc":{"start":{"line":12,"column":30},"end":{"line":14,"column":2}},"locations":[{"start":{"line":12,"column":30},"end":{"line":14,"column":2}}]}},"b":{"0":[1],"1":[1]},"fnMap":{"0":{"name":"Object.<anonymous>.exports.createVolunteerHistory","decl":{"start":{"line":5,"column":33},"end":{"line":9,"column":2}},"loc":{"start":{"line":5,"column":33},"end":{"line":9,"column":2}},"line":5},"1":{"name":"Object.<anonymous>.exports.getVolunteerHistory","decl":{"start":{"line":12,"column":30},"end":{"line":14,"column":2}},"loc":{"start":{"line":12,"column":30},"end":{"line":14,"column":2}},"line":12}},"f":{"0":1,"1":1}}
,"C:\\Users\\peter\\Dropbox\\PC\\Documents\\GitHub\\COSC-4353-Group-14\\server\\models\\loginUserModel.js": {"path":"C:\\Users\\peter\\Dropbox\\PC\\Documents\\GitHub\\COSC-4353-Group-14\\server\\models\\loginUserModel.js","all":false,"statementMap":{"0":{"start":{"line":1,"column":0},"end":{"line":1,"column":34}},"1":{"start":{"line":2,"column":0},"end":{"line":2,"column":0}},"2":{"start":{"line":3,"column":0},"end":{"line":3,"column":28}},"3":{"start":{"line":4,"column":0},"end":{"line":4,"column":37}},"4":{"start":{"line":5,"column":0},"end":{"line":5,"column":18}},"5":{"start":{"line":6,"column":0},"end":{"line":6,"column":0}},"6":{"start":{"line":7,"column":0},"end":{"line":7,"column":14}},"7":{"start":{"line":8,"column":0},"end":{"line":8,"column":67}},"8":{"start":{"line":9,"column":0},"end":{"line":9,"column":4}},"9":{"start":{"line":10,"column":0},"end":{"line":10,"column":24}},"10":{"start":{"line":11,"column":0},"end":{"line":11,"column":86}},"11":{"start":{"line":12,"column":0},"end":{"line":12,"column":26}},"12":{"start":{"line":13,"column":0},"end":{"line":13,"column":7}},"13":{"start":{"line":14,"column":0},"end":{"line":14,"column":0}},"14":{"start":{"line":15,"column":0},"end":{"line":15,"column":35}},"15":{"start":{"line":16,"column":0},"end":{"line":16,"column":43}},"16":{"start":{"line":17,"column":0},"end":{"line":17,"column":52}},"17":{"start":{"line":18,"column":0},"end":{"line":18,"column":7}},"18":{"start":{"line":19,"column":0},"end":{"line":19,"column":0}},"19":{"start":{"line":20,"column":0},"end":{"line":20,"column":36}},"20":{"start":{"line":21,"column":0},"end":{"line":21,"column":43}},"21":{"start":{"line":22,"column":0},"end":{"line":22,"column":19}},"22":{"start":{"line":23,"column":0},"end":{"line":23,"column":41}},"23":{"start":{"line":24,"column":0},"end":{"line":24,"column":9}},"24":{"start":{"line":25,"column":0},"end":{"line":25,"column":7}},"25":{"start":{"line":26,"column":0},"end":{"line":26,"column":0}},"26":{"start":{"line":27,"column":0},"end":{"line":27,"column":25}},"27":{"start":{"line":28,"column":0},"end":{"line":28,"column":52}},"28":{"start":{"line":29,"column":0},"end":{"line":29,"column":5}},"29":{"start":{"line":30,"column":0},"end":{"line":30,"column":3}},"30":{"start":{"line":31,"column":0},"end":{"line":31,"column":0}},"31":{"start":{"line":32,"column":0},"end":{"line":32,"column":22}}},"s":{"0":1,"1":1,"2":1,"3":1,"4":1,"5":1,"6":1,"7":1,"8":1,"9":1,"10":7,"11":7,"12":1,"13":1,"14":1,"15":5,"16":5,"17":1,"18":1,"19":1,"20":2,"21":2,"22":2,"23":2,"24":1,"25":1,"26":1,"27":10,"28":10,"29":1,"30":1,"31":1},"branchMap":{"0":{"type":"branch","line":8,"loc":{"start":{"line":8,"column":15},"end":{"line":8,"column":65}},"locations":[{"start":{"line":8,"column":15},"end":{"line":8,"column":65}}]},"1":{"type":"branch","line":8,"loc":{"start":{"line":8,"column":36},"end":{"line":8,"column":64}},"locations":[{"start":{"line":8,"column":36},"end":{"line":8,"column":64}}]},"2":{"type":"branch","line":10,"loc":{"start":{"line":10,"column":14},"end":{"line":13,"column":5}},"locations":[{"start":{"line":10,"column":14},"end":{"line":13,"column":5}}]},"3":{"type":"branch","line":15,"loc":{"start":{"line":15,"column":24},"end":{"line":18,"column":5}},"locations":[{"start":{"line":15,"column":24},"end":{"line":18,"column":5}}]},"4":{"type":"branch","line":17,"loc":{"start":{"line":17,"column":42},"end":{"line":17,"column":50}},"locations":[{"start":{"line":17,"column":42},"end":{"line":17,"column":50}}]},"5":{"type":"branch","line":20,"loc":{"start":{"line":20,"column":25},"end":{"line":25,"column":5}},"locations":[{"start":{"line":20,"column":25},"end":{"line":25,"column":5}}]},"6":{"type":"branch","line":27,"loc":{"start":{"line":27,"column":18},"end":{"line":29,"column":5}},"locations":[{"start":{"line":27,"column":18},"end":{"line":29,"column":5}}]}},"b":{"0":[15],"1":[11],"2":[7],"3":[5],"4":[0],"5":[2],"6":[10]},"fnMap":{"0":{"name":"findUser","decl":{"start":{"line":8,"column":15},"end":{"line":8,"column":65}},"loc":{"start":{"line":8,"column":15},"end":{"line":8,"column":65}},"line":8},"1":{"name":"addUser","decl":{"start":{"line":10,"column":14},"end":{"line":13,"column":5}},"loc":{"start":{"line":10,"column":14},"end":{"line":13,"column":5}},"line":10},"2":{"name":"isProfileComplete","decl":{"start":{"line":15,"column":24},"end":{"line":18,"column":5}},"loc":{"start":{"line":15,"column":24},"end":{"line":18,"column":5}},"line":15},"3":{"name":"setProfileComplete","decl":{"start":{"line":20,"column":25},"end":{"line":25,"column":5}},"loc":{"start":{"line":20,"column":25},"end":{"line":25,"column":5}},"line":20},"4":{"name":"__resetUsers","decl":{"start":{"line":27,"column":18},"end":{"line":29,"column":5}},"loc":{"start":{"line":27,"column":18},"end":{"line":29,"column":5}},"line":27}},"f":{"0":15,"1":7,"2":5,"3":2,"4":10}}
,"C:\\Users\\peter\\Dropbox\\PC\\Documents\\GitHub\\COSC-4353-Group-14\\server\\routes\\events.js": {"path":"C:\\Users\\peter\\Dropbox\\PC\\Documents\\GitHub\\COSC-4353-Group-14\\server\\routes\\events.js","all":false,"statementMap":{"0":{"start":{"line":1,"column":0},"end":{"line":1,"column":35}},"1":{"start":{"line":2,"column":0},"end":{"line":2,"column":32}},"2":{"start":{"line":3,"column":0},"end":{"line":3,"column":7}},"3":{"start":{"line":4,"column":0},"end":{"line":4,"column":14}},"4":{"start":{"line":5,"column":0},"end":{"line":5,"column":12}},"5":{"start":{"line":6,"column":0},"end":{"line":6,"column":14}},"6":{"start":{"line":7,"column":0},"end":{"line":7,"column":14}},"7":{"start":{"line":8,"column":0},"end":{"line":8,"column":46}},"8":{"start":{"line":9,"column":0},"end":{"line":9,"column":0}},"9":{"start":{"line":10,"column":0},"end":{"line":10,"column":30}},"10":{"start":{"line":11,"column":0},"end":{"line":11,"column":27}},"11":{"start":{"line":12,"column":0},"end":{"line":12,"column":32}},"12":{"start":{"line":13,"column":0},"end":{"line":13,"column":35}},"13":{"start":{"line":14,"column":0},"end":{"line":14,"column":0}},"14":{"start":{"line":15,"column":0},"end":{"line":15,"column":24}}},"s":{"0":1,"1":1,"2":1,"3":1,"4":1,"5":1,"6":1,"7":1,"8":1,"9":1,"10":1,"11":1,"12":1,"13":1,"14":1},"branchMap":{},"b":{},"fnMap":{},"f":{}}
,"C:\\Users\\peter\\Dropbox\\PC\\Documents\\GitHub\\COSC-4353-Group-14\\server\\routes\\home-router.js": {"path":"C:\\Users\\peter\\Dropbox\\PC\\Documents\\GitHub\\COSC-4353-Group-14\\server\\routes\\home-router.js","all":false,"statementMap":{"0":{"start":{"line":1,"column":0},"end":{"line":1,"column":34}},"1":{"start":{"line":2,"column":0},"end":{"line":2,"column":31}},"2":{"start":{"line":3,"column":0},"end":{"line":3,"column":0}},"3":{"start":{"line":4,"column":0},"end":{"line":4,"column":31}},"4":{"start":{"line":5,"column":0},"end":{"line":5,"column":56}},"5":{"start":{"line":6,"column":0},"end":{"line":6,"column":2}},"6":{"start":{"line":7,"column":0},"end":{"line":7,"column":0}},"7":{"start":{"line":8,"column":0},"end":{"line":8,"column":23}}},"s":{"0":1,"1":1,"2":1,"3":1,"4":0,"5":0,"6":1,"7":1},"branchMap":{},"b":{},"fnMap":{},"f":{}}
,"C:\\Users\\peter\\Dropbox\\PC\\Documents\\GitHub\\COSC-4353-Group-14\\server\\routes\\loginAuthRoutes.js": {"path":"C:\\Users\\peter\\Dropbox\\PC\\Documents\\GitHub\\COSC-4353-Group-14\\server\\routes\\loginAuthRoutes.js","all":false,"statementMap":{"0":{"start":{"line":1,"column":0},"end":{"line":1,"column":35}},"1":{"start":{"line":2,"column":0},"end":{"line":2,"column":36}},"2":{"start":{"line":3,"column":0},"end":{"line":3,"column":33}},"3":{"start":{"line":4,"column":0},"end":{"line":4,"column":69}},"4":{"start":{"line":5,"column":0},"end":{"line":5,"column":70}},"5":{"start":{"line":6,"column":0},"end":{"line":6,"column":0}},"6":{"start":{"line":7,"column":0},"end":{"line":7,"column":20}},"7":{"start":{"line":8,"column":0},"end":{"line":8,"column":63}},"8":{"start":{"line":9,"column":0},"end":{"line":9,"column":0}},"9":{"start":{"line":10,"column":0},"end":{"line":10,"column":13}},"10":{"start":{"line":11,"column":0},"end":{"line":11,"column":54}},"11":{"start":{"line":12,"column":0},"end":{"line":12,"column":0}},"12":{"start":{"line":13,"column":0},"end":{"line":13,"column":24}}},"s":{"0":1,"1":1,"2":1,"3":1,"4":1,"5":1,"6":1,"7":1,"8":1,"9":1,"10":1,"11":1,"12":1},"branchMap":{},"b":{},"fnMap":{},"f":{}}
,"C:\\Users\\peter\\Dropbox\\PC\\Documents\\GitHub\\COSC-4353-Group-14\\server\\routes\\notificationRoutes.js": {"path":"C:\\Users\\peter\\Dropbox\\PC\\Documents\\GitHub\\COSC-4353-Group-14\\server\\routes\\notificationRoutes.js","all":false,"statementMap":{"0":{"start":{"line":1,"column":0},"end":{"line":1,"column":31}},"1":{"start":{"line":2,"column":0},"end":{"line":2,"column":0}},"2":{"start":{"line":3,"column":0},"end":{"line":3,"column":35}},"3":{"start":{"line":4,"column":0},"end":{"line":4,"column":7}},"4":{"start":{"line":5,"column":0},"end":{"line":5,"column":31}},"5":{"start":{"line":6,"column":0},"end":{"line":6,"column":27}},"6":{"start":{"line":7,"column":0},"end":{"line":7,"column":28}},"7":{"start":{"line":8,"column":0},"end":{"line":8,"column":53}},"8":{"start":{"line":9,"column":0},"end":{"line":9,"column":0}},"9":{"start":{"line":10,"column":0},"end":{"line":10,"column":32}},"10":{"start":{"line":11,"column":0},"end":{"line":11,"column":0}},"11":{"start":{"line":12,"column":0},"end":{"line":12,"column":42}},"12":{"start":{"line":13,"column":0},"end":{"line":13,"column":59}},"13":{"start":{"line":14,"column":0},"end":{"line":14,"column":51}},"14":{"start":{"line":15,"column":0},"end":{"line":15,"column":55}},"15":{"start":{"line":16,"column":0},"end":{"line":16,"column":0}},"16":{"start":{"line":17,"column":0},"end":{"line":17,"column":24}}},"s":{"0":1,"1":1,"2":1,"3":1,"4":1,"5":1,"6":1,"7":1,"8":1,"9":1,"10":1,"11":1,"12":1,"13":1,"14":1,"15":1,"16":1},"branchMap":{},"b":{},"fnMap":{},"f":{}}
,"C:\\Users\\peter\\Dropbox\\PC\\Documents\\GitHub\\COSC-4353-Group-14\\server\\routes\\profile-router.js": {"path":"C:\\Users\\peter\\Dropbox\\PC\\Documents\\GitHub\\COSC-4353-Group-14\\server\\routes\\profile-router.js","all":false,"statementMap":{"0":{"start":{"line":1,"column":0},"end":{"line":1,"column":34}},"1":{"start":{"line":2,"column":0},"end":{"line":2,"column":31}},"2":{"start":{"line":3,"column":0},"end":{"line":3,"column":82}},"3":{"start":{"line":4,"column":0},"end":{"line":4,"column":0}},"4":{"start":{"line":5,"column":0},"end":{"line":5,"column":32}},"5":{"start":{"line":6,"column":0},"end":{"line":6,"column":27}},"6":{"start":{"line":7,"column":0},"end":{"line":7,"column":0}},"7":{"start":{"line":8,"column":0},"end":{"line":8,"column":0}},"8":{"start":{"line":9,"column":0},"end":{"line":9,"column":24}}},"s":{"0":1,"1":1,"2":1,"3":1,"4":1,"5":1,"6":1,"7":1,"8":1},"branchMap":{},"b":{},"fnMap":{},"f":{}}
,"C:\\Users\\peter\\Dropbox\\PC\\Documents\\GitHub\\COSC-4353-Group-14\\server\\routes\\volunteerHistory.js": {"path":"C:\\Users\\peter\\Dropbox\\PC\\Documents\\GitHub\\COSC-4353-Group-14\\server\\routes\\volunteerHistory.js","all":false,"statementMap":{"0":{"start":{"line":1,"column":0},"end":{"line":1,"column":35}},"1":{"start":{"line":2,"column":0},"end":{"line":2,"column":32}},"2":{"start":{"line":3,"column":0},"end":{"line":3,"column":7}},"3":{"start":{"line":4,"column":0},"end":{"line":4,"column":25}},"4":{"start":{"line":5,"column":0},"end":{"line":5,"column":22}},"5":{"start":{"line":6,"column":0},"end":{"line":6,"column":57}},"6":{"start":{"line":7,"column":0},"end":{"line":7,"column":0}},"7":{"start":{"line":8,"column":0},"end":{"line":8,"column":41}},"8":{"start":{"line":9,"column":0},"end":{"line":9,"column":37}},"9":{"start":{"line":10,"column":0},"end":{"line":10,"column":0}},"10":{"start":{"line":11,"column":0},"end":{"line":11,"column":24}}},"s":{"0":1,"1":1,"2":1,"3":1,"4":1,"5":1,"6":1,"7":1,"8":1,"9":1,"10":1},"branchMap":{},"b":{},"fnMap":{},"f":{}}
,"C:\\Users\\peter\\Dropbox\\PC\\Documents\\GitHub\\COSC-4353-Group-14\\server\\routes\\volunteerMatchingRoutes.js": {"path":"C:\\Users\\peter\\Dropbox\\PC\\Documents\\GitHub\\COSC-4353-Group-14\\server\\routes\\volunteerMatchingRoutes.js","all":false,"statementMap":{"0":{"start":{"line":1,"column":0},"end":{"line":1,"column":36}},"1":{"start":{"line":2,"column":0},"end":{"line":2,"column":0}},"2":{"start":{"line":3,"column":0},"end":{"line":3,"column":35}},"3":{"start":{"line":4,"column":0},"end":{"line":4,"column":82}},"4":{"start":{"line":5,"column":0},"end":{"line":5,"column":0}},"5":{"start":{"line":6,"column":0},"end":{"line":6,"column":32}},"6":{"start":{"line":7,"column":0},"end":{"line":7,"column":0}},"7":{"start":{"line":8,"column":0},"end":{"line":8,"column":53}},"8":{"start":{"line":9,"column":0},"end":{"line":9,"column":49}},"9":{"start":{"line":10,"column":0},"end":{"line":10,"column":0}},"10":{"start":{"line":11,"column":0},"end":{"line":11,"column":24}}},"s":{"0":1,"1":1,"2":1,"3":1,"4":1,"5":1,"6":1,"7":1,"8":1,"9":1,"10":1},"branchMap":{},"b":{},"fnMap":{},"f":{}}
}
