TN:
SF:server.js
FNF:0
FNH:0
DA:1,1
DA:2,1
DA:3,1
DA:4,1
DA:5,1
DA:6,1
DA:7,1
DA:8,1
DA:9,1
DA:10,1
DA:11,1
DA:12,1
DA:13,1
DA:14,1
DA:15,1
DA:16,1
DA:17,1
DA:18,1
DA:19,1
DA:20,1
DA:21,1
DA:22,1
DA:23,1
DA:24,1
DA:25,1
DA:26,1
DA:27,1
DA:28,1
DA:29,1
DA:30,1
DA:31,1
DA:32,1
DA:33,1
DA:34,1
DA:35,1
DA:36,1
DA:37,1
DA:38,1
DA:39,1
DA:40,1
DA:41,1
DA:42,1
DA:43,1
DA:44,1
LF:44
LH:44
BRDA:40,0,0,1
BRF:1
BRH:1
end_of_record
TN:
SF:controllers\NotificationController.js
FN:10,Object.<anonymous>.exports.sendAssignmentNotification
FN:17,Object.<anonymous>.exports.sendUpdateNotification
FN:24,Object.<anonymous>.exports.sendReminderNotification
FNF:3
FNH:0
FNDA:0,Object.<anonymous>.exports.sendAssignmentNotification
FNDA:0,Object.<anonymous>.exports.sendUpdateNotification
FNDA:0,Object.<anonymous>.exports.sendReminderNotification
DA:1,1
DA:2,1
DA:3,1
DA:4,1
DA:5,1
DA:6,1
DA:7,1
DA:8,1
DA:9,1
DA:10,1
DA:11,0
DA:12,0
DA:13,0
DA:14,0
DA:15,1
DA:16,1
DA:17,1
DA:18,0
DA:19,0
DA:20,0
DA:21,0
DA:22,1
DA:23,1
DA:24,1
DA:25,0
DA:26,0
DA:27,0
DA:28,0
LF:28
LH:16
BRF:0
BRH:0
end_of_record
TN:
SF:controllers\VolunteerMatchingController.js
FN:6,Object.<anonymous>.exports.matchVolunteers
FNF:1
FNH:0
FNDA:0,Object.<anonymous>.exports.matchVolunteers
DA:1,1
DA:2,1
DA:3,1
DA:4,1
DA:5,1
DA:6,1
DA:7,0
DA:8,0
DA:9,0
DA:10,0
DA:11,0
LF:11
LH:6
BRF:0
BRH:0
end_of_record
TN:
SF:controllers\eventController.js
FN:5,Object.<anonymous>.exports.createEvent
FN:12,Object.<anonymous>.exports.getEvents
FN:17,Object.<anonymous>.exports.updateEvent
FN:28,Object.<anonymous>.exports.deleteEvent
FNF:4
FNH:2
FNDA:1,Object.<anonymous>.exports.createEvent
FNDA:1,Object.<anonymous>.exports.getEvents
FNDA:0,Object.<anonymous>.exports.updateEvent
FNDA:0,Object.<anonymous>.exports.deleteEvent
DA:1,1
DA:2,1
DA:3,1
DA:4,1
DA:5,1
DA:6,1
DA:7,1
DA:8,1
DA:9,1
DA:10,1
DA:11,1
DA:12,1
DA:13,1
DA:14,1
DA:15,1
DA:16,1
DA:17,1
DA:18,0
DA:19,0
DA:20,0
DA:21,0
DA:22,0
DA:23,0
DA:24,0
DA:25,0
DA:26,1
DA:27,1
DA:28,1
DA:29,0
DA:30,0
DA:31,0
DA:32,0
DA:33,0
DA:34,0
DA:35,0
DA:36,0
LF:36
LH:20
BRDA:5,0,0,1
BRDA:12,1,0,1
BRF:2
BRH:2
end_of_record
TN:
SF:controllers\loginController.js
FN:13,isValidEmail
FN:19,Object.<anonymous>.exports.register
FN:44,Object.<anonymous>.exports.login
FNF:3
FNH:3
FNDA:7,isValidEmail
FNDA:3,Object.<anonymous>.exports.register
FNDA:4,Object.<anonymous>.exports.login
DA:1,1
DA:2,1
DA:3,1
DA:4,1
DA:5,1
DA:6,1
DA:7,1
DA:8,1
DA:9,1
DA:10,1
DA:11,1
DA:12,1
DA:13,1
DA:14,7
DA:15,7
DA:16,7
DA:17,1
DA:18,1
DA:19,1
DA:20,3
DA:21,3
DA:22,3
DA:23,3
DA:24,0
DA:25,0
DA:26,3
DA:27,3
DA:28,3
DA:29,3
DA:30,0
DA:31,0
DA:32,0
DA:33,3
DA:34,3
DA:35,3
DA:36,3
DA:37,3
DA:38,3
DA:39,3
DA:40,3
DA:41,3
DA:42,1
DA:43,1
DA:44,1
DA:45,4
DA:46,4
DA:47,4
DA:48,4
DA:49,4
DA:50,4
DA:51,4
DA:52,1
DA:53,1
DA:54,1
DA:55,3
DA:56,3
DA:57,3
DA:58,3
DA:59,4
DA:60,1
DA:61,1
DA:62,1
DA:63,2
DA:64,2
DA:65,2
DA:66,4
DA:67,1
DA:68,1
DA:69,1
DA:70,1
DA:71,1
DA:72,1
DA:73,1
DA:74,1
DA:75,1
DA:76,1
DA:77,1
DA:78,1
DA:79,1
DA:80,1
DA:81,4
DA:82,0
DA:83,0
DA:84,4
DA:85,4
DA:86,4
DA:87,4
DA:88,4
DA:89,4
DA:90,4
LF:90
LH:83
BRDA:13,0,0,7
BRDA:19,1,0,3
BRDA:23,2,0,0
BRDA:29,3,0,0
BRDA:44,4,0,4
BRDA:51,5,0,1
BRDA:54,6,0,3
BRDA:59,7,0,1
BRDA:62,8,0,2
BRDA:66,9,0,1
BRDA:81,10,0,0
BRF:11
BRH:8
end_of_record
TN:
SF:controllers\profileController.js
FN:12,isValidZipCode
FN:18,isValidAddress
FN:25,isValidDateArray
FN:29,createProfile
FN:76,getProfile
FNF:5
FNH:5
FNDA:5,isValidZipCode
FNDA:9,isValidAddress
FNDA:3,isValidDateArray
FNDA:11,createProfile
FNDA:2,getProfile
DA:1,1
DA:2,1
DA:3,1
DA:4,1
DA:5,1
DA:6,1
DA:7,1
DA:8,1
DA:9,1
DA:10,1
DA:11,1
DA:12,1
DA:13,5
DA:14,5
DA:15,5
DA:16,1
DA:17,1
DA:18,1
DA:19,9
DA:20,9
DA:21,9
DA:22,9
DA:23,1
DA:24,1
DA:25,1
DA:26,3
DA:27,3
DA:28,1
DA:29,1
DA:30,11
DA:31,11
DA:32,11
DA:33,11
DA:34,2
DA:35,2
DA:36,9
DA:37,9
DA:38,11
DA:39,1
DA:40,1
DA:41,8
DA:42,8
DA:43,11
DA:44,1
DA:45,1
DA:46,7
DA:47,7
DA:48,11
DA:49,2
DA:50,2
DA:51,5
DA:52,5
DA:53,11
DA:54,1
DA:55,1
DA:56,4
DA:57,4
DA:58,11
DA:59,1
DA:60,1
DA:61,3
DA:62,3
DA:63,11
DA:64,1
DA:65,1
DA:66,2
DA:67,2
DA:68,2
DA:69,2
DA:70,2
DA:71,2
DA:72,2
DA:73,2
DA:74,2
DA:75,1
DA:76,1
DA:77,2
DA:78,2
DA:79,2
DA:80,1
DA:81,1
DA:82,1
DA:83,1
DA:84,1
LF:84
LH:84
BRDA:12,0,0,5
BRDA:18,1,0,9
BRDA:25,2,0,3
BRDA:26,3,0,5
BRDA:29,4,0,11
BRDA:33,5,0,2
BRDA:35,6,0,9
BRDA:38,7,0,1
BRDA:40,8,0,10
BRDA:40,9,0,8
BRDA:43,10,0,7
BRDA:43,11,0,1
BRDA:45,12,0,7
BRDA:48,13,0,9
BRDA:48,14,0,2
BRDA:50,15,0,5
BRDA:53,16,0,1
BRDA:55,17,0,4
BRDA:58,18,0,1
BRDA:60,19,0,3
BRDA:63,20,0,4
BRDA:63,21,0,1
BRDA:65,22,0,2
BRDA:76,23,0,2
BRF:24
BRH:24
end_of_record
TN:
SF:controllers\volunteerHistoryController.js
FN:5,Object.<anonymous>.exports.createVolunteerHistory
FN:12,Object.<anonymous>.exports.getVolunteerHistory
FNF:2
FNH:2
FNDA:1,Object.<anonymous>.exports.createVolunteerHistory
FNDA:1,Object.<anonymous>.exports.getVolunteerHistory
DA:1,1
DA:2,1
DA:3,1
DA:4,1
DA:5,1
DA:6,1
DA:7,1
DA:8,1
DA:9,1
DA:10,1
DA:11,1
DA:12,1
DA:13,1
DA:14,1
LF:14
LH:14
BRDA:5,0,0,1
BRDA:12,1,0,1
BRF:2
BRH:2
end_of_record
TN:
SF:models\loginUserModel.js
FN:8,findUser
FN:10,addUser
FN:15,isProfileComplete
FN:20,setProfileComplete
FN:27,__resetUsers
FNF:5
FNH:5
FNDA:15,findUser
FNDA:7,addUser
FNDA:5,isProfileComplete
FNDA:2,setProfileComplete
FNDA:10,__resetUsers
DA:1,1
DA:2,1
DA:3,1
DA:4,1
DA:5,1
DA:6,1
DA:7,1
DA:8,1
DA:9,1
DA:10,1
DA:11,7
DA:12,7
DA:13,1
DA:14,1
DA:15,1
DA:16,5
DA:17,5
DA:18,1
DA:19,1
DA:20,1
DA:21,2
DA:22,2
DA:23,2
DA:24,2
DA:25,1
DA:26,1
DA:27,1
DA:28,10
DA:29,10
DA:30,1
DA:31,1
DA:32,1
LF:32
LH:32
BRDA:8,0,0,15
BRDA:8,1,0,11
BRDA:10,2,0,7
BRDA:15,3,0,5
BRDA:17,4,0,0
BRDA:20,5,0,2
BRDA:27,6,0,10
BRF:7
BRH:6
end_of_record
TN:
SF:routes\events.js
FNF:0
FNH:0
DA:1,1
DA:2,1
DA:3,1
DA:4,1
DA:5,1
DA:6,1
DA:7,1
DA:8,1
DA:9,1
DA:10,1
DA:11,1
DA:12,1
DA:13,1
DA:14,1
DA:15,1
LF:15
LH:15
BRF:0
BRH:0
end_of_record
TN:
SF:routes\home-router.js
FNF:0
FNH:0
DA:1,1
DA:2,1
DA:3,1
DA:4,1
DA:5,0
DA:6,0
DA:7,1
DA:8,1
LF:8
LH:6
BRF:0
BRH:0
end_of_record
TN:
SF:routes\loginAuthRoutes.js
FNF:0
FNH:0
DA:1,1
DA:2,1
DA:3,1
DA:4,1
DA:5,1
DA:6,1
DA:7,1
DA:8,1
DA:9,1
DA:10,1
DA:11,1
DA:12,1
DA:13,1
LF:13
LH:13
BRF:0
BRH:0
end_of_record
TN:
SF:routes\notificationRoutes.js
FNF:0
FNH:0
DA:1,1
DA:2,1
DA:3,1
DA:4,1
DA:5,1
DA:6,1
DA:7,1
DA:8,1
DA:9,1
DA:10,1
DA:11,1
DA:12,1
DA:13,1
DA:14,1
DA:15,1
DA:16,1
DA:17,1
LF:17
LH:17
BRF:0
BRH:0
end_of_record
TN:
SF:routes\profile-router.js
FNF:0
FNH:0
DA:1,1
DA:2,1
DA:3,1
DA:4,1
DA:5,1
DA:6,1
DA:7,1
DA:8,1
DA:9,1
LF:9
LH:9
BRF:0
BRH:0
end_of_record
TN:
SF:routes\volunteerHistory.js
FNF:0
FNH:0
DA:1,1
DA:2,1
DA:3,1
DA:4,1
DA:5,1
DA:6,1
DA:7,1
DA:8,1
DA:9,1
DA:10,1
DA:11,1
LF:11
LH:11
BRF:0
BRH:0
end_of_record
TN:
SF:routes\volunteerMatchingRoutes.js
FNF:0
FNH:0
DA:1,1
DA:2,1
DA:3,1
DA:4,1
DA:5,1
DA:6,1
DA:7,1
DA:8,1
DA:9,1
DA:10,1
DA:11,1
LF:11
LH:11
BRF:0
BRH:0
end_of_record
