TN:
SF:database.js
FNF:0
FNH:0
DA:1,1
DA:2,1
DA:3,1
DA:4,1
DA:5,1
DA:6,1
DA:7,1
DA:8,1
DA:9,1
DA:10,1
DA:11,1
DA:12,1
DA:13,1
DA:14,1
DA:15,1
DA:16,1
DA:17,1
DA:18,1
DA:19,1
DA:20,1
DA:21,1
DA:22,1
DA:23,1
DA:24,1
DA:25,1
DA:26,1
DA:27,1
DA:28,1
LF:28
LH:28
BRF:0
BRH:0
end_of_record
TN:
SF:server.js
FNF:0
FNH:0
DA:1,1
DA:2,1
DA:3,1
DA:4,1
DA:5,1
DA:6,1
DA:7,1
DA:8,1
DA:9,1
DA:10,1
DA:11,1
DA:12,1
DA:13,1
DA:14,1
DA:15,1
DA:16,1
DA:17,1
DA:18,1
DA:19,1
DA:20,1
DA:21,1
DA:22,1
DA:23,1
DA:24,1
DA:25,1
DA:26,1
DA:27,1
DA:28,1
DA:29,1
DA:30,1
DA:31,1
DA:32,1
DA:33,1
DA:34,1
DA:35,1
DA:36,1
DA:37,1
DA:38,1
DA:39,1
DA:40,1
DA:41,1
DA:42,1
LF:42
LH:42
BRDA:38,0,0,1
BRF:1
BRH:1
end_of_record
TN:
SF:controllers/NotificationController.js
FN:3,Object.<anonymous>.exports.sendAssignmentNotification
FN:11,Object.<anonymous>.exports.sendUpdateNotification
FN:16,Object.<anonymous>.exports.sendReminderNotification
FNF:3
FNH:2
FNDA:2,Object.<anonymous>.exports.sendAssignmentNotification
FNDA:1,Object.<anonymous>.exports.sendUpdateNotification
FNDA:0,Object.<anonymous>.exports.sendReminderNotification
DA:1,1
DA:2,1
DA:3,1
DA:4,2
DA:5,2
DA:6,1
DA:7,1
DA:8,1
DA:9,1
DA:10,1
DA:11,1
DA:12,1
DA:13,1
DA:14,1
DA:15,1
DA:16,1
DA:17,0
DA:18,0
DA:19,0
LF:19
LH:16
BRDA:3,0,0,2
BRDA:5,1,0,1
BRDA:5,2,0,1
BRDA:11,3,0,1
BRF:4
BRH:4
end_of_record
TN:
SF:controllers/VolunteerMatchingController.js
FN:3,Object.<anonymous>.exports.matchVolunteers
FNF:1
FNH:1
FNDA:3,Object.<anonymous>.exports.matchVolunteers
DA:1,1
DA:2,1
DA:3,1
DA:4,3
DA:5,3
DA:6,1
DA:7,1
DA:8,2
DA:9,2
LF:9
LH:9
BRDA:3,0,0,3
BRDA:5,1,0,2
BRDA:5,2,0,2
BRDA:5,3,0,1
BRF:4
BRH:4
end_of_record
TN:
SF:controllers/eventController.js
FN:5,Object.<anonymous>.exports.createEvent
FN:12,Object.<anonymous>.exports.getEvents
FN:17,Object.<anonymous>.exports.updateEvent
FN:28,Object.<anonymous>.exports.deleteEvent
FNF:4
FNH:2
FNDA:1,Object.<anonymous>.exports.createEvent
FNDA:1,Object.<anonymous>.exports.getEvents
FNDA:0,Object.<anonymous>.exports.updateEvent
FNDA:0,Object.<anonymous>.exports.deleteEvent
DA:1,1
DA:2,1
DA:3,1
DA:4,1
DA:5,1
DA:6,1
DA:7,1
DA:8,1
DA:9,1
DA:10,1
DA:11,1
DA:12,1
DA:13,1
DA:14,1
DA:15,1
DA:16,1
DA:17,1
DA:18,0
DA:19,0
DA:20,0
DA:21,0
DA:22,0
DA:23,0
DA:24,0
DA:25,0
DA:26,1
DA:27,1
DA:28,1
DA:29,0
DA:30,0
DA:31,0
DA:32,0
DA:33,0
DA:34,0
DA:35,0
DA:36,0
LF:36
LH:20
BRDA:5,0,0,1
BRDA:12,1,0,1
BRF:2
BRH:2
end_of_record
TN:
SF:controllers/loginController.js
FN:13,isValidEmail
FN:19,Object.<anonymous>.exports.register
FN:49,Object.<anonymous>.exports.login
FNF:3
FNH:0
FNDA:0,isValidEmail
FNDA:0,Object.<anonymous>.exports.register
FNDA:0,Object.<anonymous>.exports.login
DA:1,1
DA:2,1
DA:3,1
DA:4,1
DA:5,1
DA:6,1
DA:7,1
DA:8,1
DA:9,1
DA:10,1
DA:11,1
DA:12,1
DA:13,1
DA:14,0
DA:15,0
DA:16,0
DA:17,1
DA:18,1
DA:19,1
DA:20,0
DA:21,0
DA:22,0
DA:23,0
DA:24,0
DA:25,0
DA:26,0
DA:27,0
DA:28,0
DA:29,0
DA:30,0
DA:31,0
DA:32,0
DA:33,0
DA:34,0
DA:35,0
DA:36,0
DA:37,0
DA:38,0
DA:39,0
DA:40,0
DA:41,0
DA:42,0
DA:43,0
DA:44,0
DA:45,0
DA:46,0
DA:47,1
DA:48,1
DA:49,1
DA:50,0
DA:51,0
DA:52,0
DA:53,0
DA:54,0
DA:55,0
DA:56,0
DA:57,0
DA:58,0
DA:59,0
DA:60,0
DA:61,0
DA:62,0
DA:63,0
DA:64,0
DA:65,0
DA:66,0
DA:67,0
DA:68,0
DA:69,0
DA:70,0
DA:71,0
DA:72,0
DA:73,0
DA:74,0
DA:75,0
DA:76,0
DA:77,0
DA:78,0
DA:79,0
DA:80,0
DA:81,0
DA:82,0
DA:83,0
DA:84,0
DA:85,0
DA:86,0
DA:87,0
DA:88,0
DA:89,0
DA:90,0
DA:91,0
DA:92,0
DA:93,0
DA:94,0
DA:95,0
DA:96,0
DA:97,0
DA:98,0
LF:98
LH:19
BRF:0
BRH:0
end_of_record
TN:
SF:controllers/profileController.js
FN:12,isValidZipCode
FN:18,isValidAddress
FN:25,isValidDateArray
FN:29,createProfile
FN:101,getProfile
FNF:5
FNH:5
FNDA:5,isValidZipCode
FNDA:9,isValidAddress
FNDA:3,isValidDateArray
FNDA:11,createProfile
FNDA:2,getProfile
DA:1,1
DA:2,1
DA:3,1
DA:4,1
DA:5,1
DA:6,1
DA:7,1
DA:8,1
DA:9,1
DA:10,1
DA:11,1
DA:12,1
DA:13,5
DA:14,5
DA:15,5
DA:16,1
DA:17,1
DA:18,1
DA:19,9
DA:20,9
DA:21,9
DA:22,9
DA:23,1
DA:24,1
DA:25,1
DA:26,3
DA:27,3
DA:28,1
DA:29,1
DA:30,11
DA:31,11
DA:32,11
DA:33,11
DA:34,2
DA:35,2
DA:36,9
DA:37,9
DA:38,11
DA:39,1
DA:40,1
DA:41,8
DA:42,8
DA:43,11
DA:44,1
DA:45,1
DA:46,7
DA:47,7
DA:48,11
DA:49,2
DA:50,2
DA:51,5
DA:52,5
DA:53,11
DA:54,1
DA:55,1
DA:56,4
DA:57,4
DA:58,11
DA:59,1
DA:60,1
DA:61,3
DA:62,3
DA:63,11
DA:64,1
DA:65,1
DA:66,2
DA:67,2
DA:68,2
DA:69,2
DA:70,2
DA:71,2
DA:72,2
DA:73,2
DA:74,2
DA:75,2
DA:76,2
DA:77,2
DA:78,2
DA:79,2
DA:80,2
DA:81,2
DA:82,2
DA:83,2
DA:84,2
DA:85,2
DA:86,2
DA:87,2
DA:88,2
DA:89,2
DA:90,2
DA:91,2
DA:92,2
DA:93,0
DA:94,2
DA:95,11
DA:96,0
DA:97,0
DA:98,0
DA:99,11
DA:100,1
DA:101,1
DA:102,2
DA:103,2
DA:104,2
DA:105,1
DA:106,1
DA:107,1
DA:108,1
DA:109,1
LF:109
LH:105
BRDA:12,0,0,5
BRDA:18,1,0,9
BRDA:25,2,0,3
BRDA:26,3,0,5
BRDA:29,4,0,11
BRDA:33,5,0,2
BRDA:35,6,0,9
BRDA:38,7,0,1
BRDA:40,8,0,10
BRDA:40,9,0,8
BRDA:43,10,0,7
BRDA:43,11,0,1
BRDA:45,12,0,7
BRDA:48,13,0,9
BRDA:48,14,0,2
BRDA:50,15,0,5
BRDA:53,16,0,1
BRDA:55,17,0,4
BRDA:58,18,0,1
BRDA:60,19,0,3
BRDA:63,20,0,4
BRDA:63,21,0,1
BRDA:65,22,0,2
BRDA:95,23,0,0
BRDA:101,24,0,2
BRF:25
BRH:24
end_of_record
TN:
SF:controllers/volunteerHistoryController.js
FN:5,Object.<anonymous>.exports.createVolunteerHistory
FN:12,Object.<anonymous>.exports.getVolunteerHistory
FNF:2
FNH:2
FNDA:1,Object.<anonymous>.exports.createVolunteerHistory
FNDA:1,Object.<anonymous>.exports.getVolunteerHistory
DA:1,1
DA:2,1
DA:3,1
DA:4,1
DA:5,1
DA:6,1
DA:7,1
DA:8,1
DA:9,1
DA:10,1
DA:11,1
DA:12,1
DA:13,1
DA:14,1
LF:14
LH:14
BRDA:5,0,0,1
BRDA:12,1,0,1
BRF:2
BRH:2
end_of_record
TN:
SF:models/loginUserModel.js
FN:11,findUser
FN:24,addUser
FN:38,isProfileComplete
FN:49,setProfileComplete
FN:58,__resetUsers
FNF:5
FNH:0
FNDA:0,findUser
FNDA:0,addUser
FNDA:0,isProfileComplete
FNDA:0,setProfileComplete
FNDA:0,__resetUsers
DA:1,1
DA:2,1
DA:3,1
DA:4,1
DA:5,1
DA:6,1
DA:7,1
DA:8,1
DA:9,1
DA:10,1
DA:11,1
DA:12,0
DA:13,0
DA:14,0
DA:15,0
DA:16,0
DA:17,0
DA:18,0
DA:19,0
DA:20,0
DA:21,0
DA:22,1
DA:23,1
DA:24,1
DA:25,0
DA:26,0
DA:27,0
DA:28,0
DA:29,0
DA:30,0
DA:31,0
DA:32,0
DA:33,0
DA:34,0
DA:35,0
DA:36,1
DA:37,1
DA:38,1
DA:39,0
DA:40,0
DA:41,0
DA:42,0
DA:43,0
DA:44,0
DA:45,0
DA:46,0
DA:47,1
DA:48,1
DA:49,1
DA:50,0
DA:51,0
DA:52,0
DA:53,0
DA:54,0
DA:55,0
DA:56,1
DA:57,1
DA:58,1
DA:59,0
DA:60,0
DA:61,0
DA:62,0
DA:63,1
DA:64,1
DA:65,1
LF:65
LH:26
BRF:0
BRH:0
end_of_record
TN:
SF:routes/events.js
FNF:0
FNH:0
DA:1,1
DA:2,1
DA:3,1
DA:4,1
DA:5,1
DA:6,1
DA:7,1
DA:8,1
DA:9,1
DA:10,1
DA:11,1
DA:12,1
DA:13,1
DA:14,1
DA:15,1
LF:15
LH:15
BRF:0
BRH:0
end_of_record
TN:
SF:routes/home-router.js
FNF:0
FNH:0
DA:1,1
DA:2,1
DA:3,1
DA:4,1
DA:5,0
DA:6,0
DA:7,1
DA:8,1
LF:8
LH:6
BRF:0
BRH:0
end_of_record
TN:
SF:routes/loginAuthRoutes.js
FNF:0
FNH:0
DA:1,1
DA:2,1
DA:3,1
DA:4,1
DA:5,1
DA:6,1
DA:7,1
DA:8,1
DA:9,1
DA:10,1
DA:11,1
DA:12,1
DA:13,1
LF:13
LH:13
BRF:0
BRH:0
end_of_record
TN:
SF:routes/notificationRoutes.js
FNF:0
FNH:0
DA:1,1
DA:2,1
DA:3,1
DA:4,1
DA:5,1
DA:6,1
DA:7,1
DA:8,1
DA:9,1
DA:10,1
DA:11,1
DA:12,1
DA:13,1
DA:14,1
DA:15,1
DA:16,1
LF:16
LH:16
BRF:0
BRH:0
end_of_record
TN:
SF:routes/profile-router.js
FNF:0
FNH:0
DA:1,1
DA:2,1
DA:3,1
DA:4,1
DA:5,1
DA:6,1
DA:7,1
DA:8,1
DA:9,1
LF:9
LH:9
BRF:0
BRH:0
end_of_record
TN:
SF:routes/volunteerHistory.js
FNF:0
FNH:0
DA:1,1
DA:2,1
DA:3,1
DA:4,1
DA:5,1
DA:6,1
DA:7,1
DA:8,1
DA:9,1
DA:10,1
DA:11,1
LF:11
LH:11
BRF:0
BRH:0
end_of_record
TN:
SF:routes/volunteerMatchingRoutes.js
FNF:0
FNH:0
DA:1,1
DA:2,1
DA:3,1
DA:4,1
DA:5,1
DA:6,1
DA:7,1
DA:8,1
DA:9,1
DA:10,1
DA:11,1
LF:11
LH:11
BRF:0
BRH:0
end_of_record
